USE CONFIG True
Using local db
Read hubs successfully
UserWarning: The `get_nearest_node` function has been deprecated and will be removed in a future release. Use the more efficient `distance.nearest_nodes` instead.
UserWarning: The `get_nearest_node` function has been deprecated and will be removed in a future release. Use the more efficient `distance.nearest_nodes` instead.
UserWarning: The `get_nearest_node` function has been deprecated and will be removed in a future release. Use the more efficient `distance.nearest_nodes` instead.
UserWarning: The `get_nearest_node` function has been deprecated and will be removed in a future release. Use the more efficient `distance.nearest_nodes` instead.
UserWarning: The `get_nearest_node` function has been deprecated and will be removed in a future release. Use the more efficient `distance.nearest_nodes` instead.
UserWarning: The `get_nearest_node` function has been deprecated and will be removed in a future release. Use the more efficient `distance.nearest_nodes` instead.
UserWarning: The `get_nearest_node` function has been deprecated and will be removed in a future release. Use the more efficient `distance.nearest_nodes` instead.
UserWarning: The `get_nearest_node` function has been deprecated and will be removed in a future release. Use the more efficient `distance.nearest_nodes` instead.
UserWarning: The `get_nearest_node` function has been deprecated and will be removed in a future release. Use the more efficient `distance.nearest_nodes` instead.
UserWarning: The `get_nearest_node` function has been deprecated and will be removed in a future release. Use the more efficient `distance.nearest_nodes` instead.
UserWarning: The `get_nearest_node` function has been deprecated and will be removed in a future release. Use the more efficient `distance.nearest_nodes` instead.
UserWarning: The `get_nearest_node` function has been deprecated and will be removed in a future release. Use the more efficient `distance.nearest_nodes` instead.
UserWarning: The `get_nearest_node` function has been deprecated and will be removed in a future release. Use the more efficient `distance.nearest_nodes` instead.
UserWarning: The `get_nearest_node` function has been deprecated and will be removed in a future release. Use the more efficient `distance.nearest_nodes` instead.
UserWarning: The `get_nearest_node` function has been deprecated and will be removed in a future release. Use the more efficient `distance.nearest_nodes` instead.
UserWarning: The `get_nearest_node` function has been deprecated and will be removed in a future release. Use the more efficient `distance.nearest_nodes` instead.
UserWarning: The `get_nearest_node` function has been deprecated and will be removed in a future release. Use the more efficient `distance.nearest_nodes` instead.
UserWarning: The `get_nearest_node` function has been deprecated and will be removed in a future release. Use the more efficient `distance.nearest_nodes` instead.
UserWarning: The `get_nearest_node` function has been deprecated and will be removed in a future release. Use the more efficient `distance.nearest_nodes` instead.
UserWarning: The `get_nearest_node` function has been deprecated and will be removed in a future release. Use the more efficient `distance.nearest_nodes` instead.
UserWarning: The `get_nearest_node` function has been deprecated and will be removed in a future release. Use the more efficient `distance.nearest_nodes` instead.
UserWarning: The `get_nearest_node` function has been deprecated and will be removed in a future release. Use the more efficient `distance.nearest_nodes` instead.
UserWarning: The `get_nearest_node` function has been deprecated and will be removed in a future release. Use the more efficient `distance.nearest_nodes` instead.
UserWarning: The `get_nearest_node` function has been deprecated and will be removed in a future release. Use the more efficient `distance.nearest_nodes` instead.
UserWarning: The `get_nearest_node` function has been deprecated and will be removed in a future release. Use the more efficient `distance.nearest_nodes` instead.
UserWarning: The `get_nearest_node` function has been deprecated and will be removed in a future release. Use the more efficient `distance.nearest_nodes` instead.
UserWarning: The `get_nearest_node` function has been deprecated and will be removed in a future release. Use the more efficient `distance.nearest_nodes` instead.
UserWarning: The `get_nearest_node` function has been deprecated and will be removed in a future release. Use the more efficient `distance.nearest_nodes` instead.
UserWarning: The `get_nearest_node` function has been deprecated and will be removed in a future release. Use the more efficient `distance.nearest_nodes` instead.
UserWarning: The `get_nearest_node` function has been deprecated and will be removed in a future release. Use the more efficient `distance.nearest_nodes` instead.
UserWarning: The `get_nearest_node` function has been deprecated and will be removed in a future release. Use the more efficient `distance.nearest_nodes` instead.
UserWarning: The `get_nearest_node` function has been deprecated and will be removed in a future release. Use the more efficient `distance.nearest_nodes` instead.
UserWarning: The `get_nearest_node` function has been deprecated and will be removed in a future release. Use the more efficient `distance.nearest_nodes` instead.
UserWarning: The `get_nearest_node` function has been deprecated and will be removed in a future release. Use the more efficient `distance.nearest_nodes` instead.
UserWarning: The `get_nearest_node` function has been deprecated and will be removed in a future release. Use the more efficient `distance.nearest_nodes` instead.
UserWarning: The `get_nearest_node` function has been deprecated and will be removed in a future release. Use the more efficient `distance.nearest_nodes` instead.
UserWarning: The `get_nearest_node` function has been deprecated and will be removed in a future release. Use the more efficient `distance.nearest_nodes` instead.
UserWarning: The `get_nearest_node` function has been deprecated and will be removed in a future release. Use the more efficient `distance.nearest_nodes` instead.
UserWarning: The `get_nearest_node` function has been deprecated and will be removed in a future release. Use the more efficient `distance.nearest_nodes` instead.
UserWarning: The `get_nearest_node` function has been deprecated and will be removed in a future release. Use the more efficient `distance.nearest_nodes` instead.
UserWarning: The `get_nearest_node` function has been deprecated and will be removed in a future release. Use the more efficient `distance.nearest_nodes` instead.
UserWarning: The `get_nearest_node` function has been deprecated and will be removed in a future release. Use the more efficient `distance.nearest_nodes` instead.
UserWarning: The `get_nearest_node` function has been deprecated and will be removed in a future release. Use the more efficient `distance.nearest_nodes` instead.
UserWarning: The `get_nearest_node` function has been deprecated and will be removed in a future release. Use the more efficient `distance.nearest_nodes` instead.
UserWarning: The `get_nearest_node` function has been deprecated and will be removed in a future release. Use the more efficient `distance.nearest_nodes` instead.
UserWarning: The `get_nearest_node` function has been deprecated and will be removed in a future release. Use the more efficient `distance.nearest_nodes` instead.
UserWarning: The `get_nearest_node` function has been deprecated and will be removed in a future release. Use the more efficient `distance.nearest_nodes` instead.
UserWarning: The `get_nearest_node` function has been deprecated and will be removed in a future release. Use the more efficient `distance.nearest_nodes` instead.
UserWarning: The `get_nearest_node` function has been deprecated and will be removed in a future release. Use the more efficient `distance.nearest_nodes` instead.
UserWarning: The `get_nearest_node` function has been deprecated and will be removed in a future release. Use the more efficient `distance.nearest_nodes` instead.
UserWarning: The `get_nearest_node` function has been deprecated and will be removed in a future release. Use the more efficient `distance.nearest_nodes` instead.
UserWarning: The `get_nearest_node` function has been deprecated and will be removed in a future release. Use the more efficient `distance.nearest_nodes` instead.
UserWarning: The `get_nearest_node` function has been deprecated and will be removed in a future release. Use the more efficient `distance.nearest_nodes` instead.
UserWarning: The `get_nearest_node` function has been deprecated and will be removed in a future release. Use the more efficient `distance.nearest_nodes` instead.
UserWarning: The `get_nearest_node` function has been deprecated and will be removed in a future release. Use the more efficient `distance.nearest_nodes` instead.
UserWarning: The `get_nearest_node` function has been deprecated and will be removed in a future release. Use the more efficient `distance.nearest_nodes` instead.
UserWarning: The `get_nearest_node` function has been deprecated and will be removed in a future release. Use the more efficient `distance.nearest_nodes` instead.
UserWarning: The `get_nearest_node` function has been deprecated and will be removed in a future release. Use the more efficient `distance.nearest_nodes` instead.
UserWarning: The `get_nearest_node` function has been deprecated and will be removed in a future release. Use the more efficient `distance.nearest_nodes` instead.
UserWarning: The `get_nearest_node` function has been deprecated and will be removed in a future release. Use the more efficient `distance.nearest_nodes` instead.
UserWarning: The `get_nearest_node` function has been deprecated and will be removed in a future release. Use the more efficient `distance.nearest_nodes` instead.
UserWarning: The `get_nearest_node` function has been deprecated and will be removed in a future release. Use the more efficient `distance.nearest_nodes` instead.
UserWarning: The `get_nearest_node` function has been deprecated and will be removed in a future release. Use the more efficient `distance.nearest_nodes` instead.
UserWarning: The `get_nearest_node` function has been deprecated and will be removed in a future release. Use the more efficient `distance.nearest_nodes` instead.
UserWarning: The `get_nearest_node` function has been deprecated and will be removed in a future release. Use the more efficient `distance.nearest_nodes` instead.
UserWarning: The `get_nearest_node` function has been deprecated and will be removed in a future release. Use the more efficient `distance.nearest_nodes` instead.
UserWarning: The `get_nearest_node` function has been deprecated and will be removed in a future release. Use the more efficient `distance.nearest_nodes` instead.
UserWarning: The `get_nearest_node` function has been deprecated and will be removed in a future release. Use the more efficient `distance.nearest_nodes` instead.
UserWarning: The `get_nearest_node` function has been deprecated and will be removed in a future release. Use the more efficient `distance.nearest_nodes` instead.
UserWarning: The `get_nearest_node` function has been deprecated and will be removed in a future release. Use the more efficient `distance.nearest_nodes` instead.
DB: getAvailableTrips() Execution time: 51.68690276145935 seconds
loaded 154837 trips
Initialized with 154837 taxi rides within two weeks
2022-07-14 17:44:31,285	INFO trainer.py:2332 -- Your framework setting is 'tf', meaning you are using static-graph mode. Set framework='tf2' to enable eager execution with tf2.x. You may also then want to set eager_tracing=True in order to reach similar execution speed as with static-graph mode.
2022-07-14 17:44:31,288	INFO simple_q.py:187 -- In multi-agent mode, policies will be optimized sequentially by the multi-GPU optimizer. Consider setting `simple_optimizer=True` if this doesn't work for you.
2022-07-14 17:44:31,289	INFO trainer.py:903 -- Current log_level is WARN. For more information, set 'log_level': 'INFO' / 'DEBUG' or use the -v and -vv flags.
[36m(pid=15604)[39m Windows fatal exception: code 0xc0000139
[36m(pid=15604)
[36m(pid=15604)[39m Windows fatal exception: code 0xc0000139
[36m(pid=15604)
[36m(pid=15604)[39m Windows fatal exception: code 0xc0000139
[36m(pid=15604)
[36m(pid=15604)[39m Windows fatal exception: code 0xc0000139
[36m(pid=15604)
[36m(pid=15604)[39m Windows fatal exception: code 0xc0000139
[36m(pid=15604)
[36m(pid=15604)[39m Windows fatal exception: code 0xc0000139
[36m(pid=15604)
[36m(RolloutWorker pid=15604)[39m Windows fatal exception: code 0xc0000139
[36m(RolloutWorker pid=15604)
[36m(RolloutWorker pid=15604)[39m Read hubs successfully
[36m(RolloutWorker pid=15604)[39m UserWarning: The `get_nearest_node` function has been deprecated and will be removed in a future release. Use the more efficient `distance.nearest_nodes` instead.
[36m(RolloutWorker pid=15604)[39m UserWarning: The `get_nearest_node` function has been deprecated and will be removed in a future release. Use the more efficient `distance.nearest_nodes` instead.
[36m(RolloutWorker pid=15604)[39m UserWarning: The `get_nearest_node` function has been deprecated and will be removed in a future release. Use the more efficient `distance.nearest_nodes` instead.
[36m(RolloutWorker pid=15604)[39m UserWarning: The `get_nearest_node` function has been deprecated and will be removed in a future release. Use the more efficient `distance.nearest_nodes` instead.
[36m(RolloutWorker pid=15604)[39m UserWarning: The `get_nearest_node` function has been deprecated and will be removed in a future release. Use the more efficient `distance.nearest_nodes` instead.
[36m(RolloutWorker pid=15604)[39m UserWarning: The `get_nearest_node` function has been deprecated and will be removed in a future release. Use the more efficient `distance.nearest_nodes` instead.
[36m(RolloutWorker pid=15604)[39m UserWarning: The `get_nearest_node` function has been deprecated and will be removed in a future release. Use the more efficient `distance.nearest_nodes` instead.
[36m(RolloutWorker pid=15604)[39m UserWarning: The `get_nearest_node` function has been deprecated and will be removed in a future release. Use the more efficient `distance.nearest_nodes` instead.
[36m(RolloutWorker pid=15604)[39m UserWarning: The `get_nearest_node` function has been deprecated and will be removed in a future release. Use the more efficient `distance.nearest_nodes` instead.
[36m(RolloutWorker pid=15604)[39m UserWarning: The `get_nearest_node` function has been deprecated and will be removed in a future release. Use the more efficient `distance.nearest_nodes` instead.
[36m(RolloutWorker pid=15604)[39m UserWarning: The `get_nearest_node` function has been deprecated and will be removed in a future release. Use the more efficient `distance.nearest_nodes` instead.
[36m(RolloutWorker pid=15604)[39m UserWarning: The `get_nearest_node` function has been deprecated and will be removed in a future release. Use the more efficient `distance.nearest_nodes` instead.
[36m(RolloutWorker pid=15604)[39m UserWarning: The `get_nearest_node` function has been deprecated and will be removed in a future release. Use the more efficient `distance.nearest_nodes` instead.
[36m(RolloutWorker pid=15604)[39m UserWarning: The `get_nearest_node` function has been deprecated and will be removed in a future release. Use the more efficient `distance.nearest_nodes` instead.
[36m(RolloutWorker pid=15604)[39m UserWarning: The `get_nearest_node` function has been deprecated and will be removed in a future release. Use the more efficient `distance.nearest_nodes` instead.
[36m(RolloutWorker pid=15604)[39m UserWarning: The `get_nearest_node` function has been deprecated and will be removed in a future release. Use the more efficient `distance.nearest_nodes` instead.
[36m(RolloutWorker pid=15604)[39m UserWarning: The `get_nearest_node` function has been deprecated and will be removed in a future release. Use the more efficient `distance.nearest_nodes` instead.
[36m(RolloutWorker pid=15604)[39m UserWarning: The `get_nearest_node` function has been deprecated and will be removed in a future release. Use the more efficient `distance.nearest_nodes` instead.
[36m(RolloutWorker pid=15604)[39m UserWarning: The `get_nearest_node` function has been deprecated and will be removed in a future release. Use the more efficient `distance.nearest_nodes` instead.
[36m(RolloutWorker pid=15604)[39m UserWarning: The `get_nearest_node` function has been deprecated and will be removed in a future release. Use the more efficient `distance.nearest_nodes` instead.
[36m(RolloutWorker pid=15604)[39m UserWarning: The `get_nearest_node` function has been deprecated and will be removed in a future release. Use the more efficient `distance.nearest_nodes` instead.
[36m(RolloutWorker pid=15604)[39m UserWarning: The `get_nearest_node` function has been deprecated and will be removed in a future release. Use the more efficient `distance.nearest_nodes` instead.
[36m(RolloutWorker pid=15604)[39m UserWarning: The `get_nearest_node` function has been deprecated and will be removed in a future release. Use the more efficient `distance.nearest_nodes` instead.
[36m(RolloutWorker pid=15604)[39m UserWarning: The `get_nearest_node` function has been deprecated and will be removed in a future release. Use the more efficient `distance.nearest_nodes` instead.
[36m(RolloutWorker pid=15604)[39m UserWarning: The `get_nearest_node` function has been deprecated and will be removed in a future release. Use the more efficient `distance.nearest_nodes` instead.
[36m(RolloutWorker pid=15604)[39m UserWarning: The `get_nearest_node` function has been deprecated and will be removed in a future release. Use the more efficient `distance.nearest_nodes` instead.
[36m(RolloutWorker pid=15604)[39m UserWarning: The `get_nearest_node` function has been deprecated and will be removed in a future release. Use the more efficient `distance.nearest_nodes` instead.
[36m(RolloutWorker pid=15604)[39m UserWarning: The `get_nearest_node` function has been deprecated and will be removed in a future release. Use the more efficient `distance.nearest_nodes` instead.
[36m(RolloutWorker pid=15604)[39m UserWarning: The `get_nearest_node` function has been deprecated and will be removed in a future release. Use the more efficient `distance.nearest_nodes` instead.
[36m(RolloutWorker pid=15604)[39m UserWarning: The `get_nearest_node` function has been deprecated and will be removed in a future release. Use the more efficient `distance.nearest_nodes` instead.
[36m(RolloutWorker pid=15604)[39m UserWarning: The `get_nearest_node` function has been deprecated and will be removed in a future release. Use the more efficient `distance.nearest_nodes` instead.
[36m(RolloutWorker pid=15604)[39m UserWarning: The `get_nearest_node` function has been deprecated and will be removed in a future release. Use the more efficient `distance.nearest_nodes` instead.
[36m(RolloutWorker pid=15604)[39m UserWarning: The `get_nearest_node` function has been deprecated and will be removed in a future release. Use the more efficient `distance.nearest_nodes` instead.
[36m(RolloutWorker pid=15604)[39m UserWarning: The `get_nearest_node` function has been deprecated and will be removed in a future release. Use the more efficient `distance.nearest_nodes` instead.
[36m(RolloutWorker pid=15604)[39m UserWarning: The `get_nearest_node` function has been deprecated and will be removed in a future release. Use the more efficient `distance.nearest_nodes` instead.
[36m(RolloutWorker pid=15604)[39m UserWarning: The `get_nearest_node` function has been deprecated and will be removed in a future release. Use the more efficient `distance.nearest_nodes` instead.
[36m(RolloutWorker pid=15604)[39m UserWarning: The `get_nearest_node` function has been deprecated and will be removed in a future release. Use the more efficient `distance.nearest_nodes` instead.
[36m(RolloutWorker pid=15604)[39m UserWarning: The `get_nearest_node` function has been deprecated and will be removed in a future release. Use the more efficient `distance.nearest_nodes` instead.
[36m(RolloutWorker pid=15604)[39m UserWarning: The `get_nearest_node` function has been deprecated and will be removed in a future release. Use the more efficient `distance.nearest_nodes` instead.
[36m(RolloutWorker pid=15604)[39m UserWarning: The `get_nearest_node` function has been deprecated and will be removed in a future release. Use the more efficient `distance.nearest_nodes` instead.
[36m(RolloutWorker pid=15604)[39m UserWarning: The `get_nearest_node` function has been deprecated and will be removed in a future release. Use the more efficient `distance.nearest_nodes` instead.
[36m(RolloutWorker pid=15604)[39m UserWarning: The `get_nearest_node` function has been deprecated and will be removed in a future release. Use the more efficient `distance.nearest_nodes` instead.
[36m(RolloutWorker pid=15604)[39m UserWarning: The `get_nearest_node` function has been deprecated and will be removed in a future release. Use the more efficient `distance.nearest_nodes` instead.
[36m(RolloutWorker pid=15604)[39m UserWarning: The `get_nearest_node` function has been deprecated and will be removed in a future release. Use the more efficient `distance.nearest_nodes` instead.
[36m(RolloutWorker pid=15604)[39m UserWarning: The `get_nearest_node` function has been deprecated and will be removed in a future release. Use the more efficient `distance.nearest_nodes` instead.
[36m(RolloutWorker pid=15604)[39m UserWarning: The `get_nearest_node` function has been deprecated and will be removed in a future release. Use the more efficient `distance.nearest_nodes` instead.
[36m(RolloutWorker pid=15604)[39m UserWarning: The `get_nearest_node` function has been deprecated and will be removed in a future release. Use the more efficient `distance.nearest_nodes` instead.
[36m(RolloutWorker pid=15604)[39m UserWarning: The `get_nearest_node` function has been deprecated and will be removed in a future release. Use the more efficient `distance.nearest_nodes` instead.
[36m(RolloutWorker pid=15604)[39m UserWarning: The `get_nearest_node` function has been deprecated and will be removed in a future release. Use the more efficient `distance.nearest_nodes` instead.
[36m(RolloutWorker pid=15604)[39m UserWarning: The `get_nearest_node` function has been deprecated and will be removed in a future release. Use the more efficient `distance.nearest_nodes` instead.
[36m(RolloutWorker pid=15604)[39m UserWarning: The `get_nearest_node` function has been deprecated and will be removed in a future release. Use the more efficient `distance.nearest_nodes` instead.
[36m(RolloutWorker pid=15604)[39m UserWarning: The `get_nearest_node` function has been deprecated and will be removed in a future release. Use the more efficient `distance.nearest_nodes` instead.
[36m(RolloutWorker pid=15604)[39m UserWarning: The `get_nearest_node` function has been deprecated and will be removed in a future release. Use the more efficient `distance.nearest_nodes` instead.
[36m(RolloutWorker pid=15604)[39m UserWarning: The `get_nearest_node` function has been deprecated and will be removed in a future release. Use the more efficient `distance.nearest_nodes` instead.
[36m(RolloutWorker pid=15604)[39m UserWarning: The `get_nearest_node` function has been deprecated and will be removed in a future release. Use the more efficient `distance.nearest_nodes` instead.
[36m(RolloutWorker pid=15604)[39m UserWarning: The `get_nearest_node` function has been deprecated and will be removed in a future release. Use the more efficient `distance.nearest_nodes` instead.
[36m(RolloutWorker pid=15604)[39m UserWarning: The `get_nearest_node` function has been deprecated and will be removed in a future release. Use the more efficient `distance.nearest_nodes` instead.
[36m(RolloutWorker pid=15604)[39m UserWarning: The `get_nearest_node` function has been deprecated and will be removed in a future release. Use the more efficient `distance.nearest_nodes` instead.
[36m(RolloutWorker pid=15604)[39m UserWarning: The `get_nearest_node` function has been deprecated and will be removed in a future release. Use the more efficient `distance.nearest_nodes` instead.
[36m(RolloutWorker pid=15604)[39m Using local db
[36m(RolloutWorker pid=15604)[39m [(42423774,), (42424025,), (42427769,), (42427863,), (42427968,), (42428174,), (42428863,), (42428980,), (42429342,), (42430253,), (42430333,), (42430361,), (42430375,), (42432856,), (42432889,), (42432985,), (42433058,), (42433066,), (42433422,), (42435684,), (42436486,), (42437644,), (42438809,), (42440743,), (42440798,), (42442415,), (42442475,), (42442937,), (42443534,), (42443674,), (42444457,), (42445018,), (42445357,), (42445392,), (42445867,), (42445916,), (42446959,), (42446977,), (42447105,), (42447132,), (42449029,), (42450025,), (42450468,), (42450820,), (42453934,), (42457401,), (205024444,), (248708582,), (370888100,), (370913758,), (370924957,), (371188750,), (371239958,), (561035358,), (561042199,), (595295501,), (595314119,), (595352904,), (596775930,), (1061531596,), (1692433919,), (1825841704,), (1919595922,), (3099327970,), (3099327976,), (3579432156,), (4145735059,), (5779545445,), (7490266268,), (9177424868,)]
[36m(RolloutWorker pid=15604)[39m USE CONFIG {, worker=1/1, vector_idx=0, remote=False}
[36m(RolloutWorker pid=15604)[39m Using local db
[36m(RolloutWorker pid=15604)[39m Read hubs successfully
[36m(RolloutWorker pid=15604)[39m UserWarning: The `get_nearest_node` function has been deprecated and will be removed in a future release. Use the more efficient `distance.nearest_nodes` instead.
[36m(RolloutWorker pid=15604)[39m UserWarning: The `get_nearest_node` function has been deprecated and will be removed in a future release. Use the more efficient `distance.nearest_nodes` instead.
[36m(RolloutWorker pid=15604)[39m UserWarning: The `get_nearest_node` function has been deprecated and will be removed in a future release. Use the more efficient `distance.nearest_nodes` instead.
[36m(RolloutWorker pid=15604)[39m UserWarning: The `get_nearest_node` function has been deprecated and will be removed in a future release. Use the more efficient `distance.nearest_nodes` instead.
[36m(RolloutWorker pid=15604)[39m UserWarning: The `get_nearest_node` function has been deprecated and will be removed in a future release. Use the more efficient `distance.nearest_nodes` instead.
[36m(RolloutWorker pid=15604)[39m UserWarning: The `get_nearest_node` function has been deprecated and will be removed in a future release. Use the more efficient `distance.nearest_nodes` instead.
[36m(RolloutWorker pid=15604)[39m UserWarning: The `get_nearest_node` function has been deprecated and will be removed in a future release. Use the more efficient `distance.nearest_nodes` instead.
[36m(RolloutWorker pid=15604)[39m UserWarning: The `get_nearest_node` function has been deprecated and will be removed in a future release. Use the more efficient `distance.nearest_nodes` instead.
[36m(RolloutWorker pid=15604)[39m UserWarning: The `get_nearest_node` function has been deprecated and will be removed in a future release. Use the more efficient `distance.nearest_nodes` instead.
[36m(RolloutWorker pid=15604)[39m UserWarning: The `get_nearest_node` function has been deprecated and will be removed in a future release. Use the more efficient `distance.nearest_nodes` instead.
[36m(RolloutWorker pid=15604)[39m UserWarning: The `get_nearest_node` function has been deprecated and will be removed in a future release. Use the more efficient `distance.nearest_nodes` instead.
[36m(RolloutWorker pid=15604)[39m UserWarning: The `get_nearest_node` function has been deprecated and will be removed in a future release. Use the more efficient `distance.nearest_nodes` instead.
[36m(RolloutWorker pid=15604)[39m UserWarning: The `get_nearest_node` function has been deprecated and will be removed in a future release. Use the more efficient `distance.nearest_nodes` instead.
[36m(RolloutWorker pid=15604)[39m UserWarning: The `get_nearest_node` function has been deprecated and will be removed in a future release. Use the more efficient `distance.nearest_nodes` instead.
[36m(RolloutWorker pid=15604)[39m UserWarning: The `get_nearest_node` function has been deprecated and will be removed in a future release. Use the more efficient `distance.nearest_nodes` instead.
[36m(RolloutWorker pid=15604)[39m UserWarning: The `get_nearest_node` function has been deprecated and will be removed in a future release. Use the more efficient `distance.nearest_nodes` instead.
[36m(RolloutWorker pid=15604)[39m UserWarning: The `get_nearest_node` function has been deprecated and will be removed in a future release. Use the more efficient `distance.nearest_nodes` instead.
[36m(RolloutWorker pid=15604)[39m UserWarning: The `get_nearest_node` function has been deprecated and will be removed in a future release. Use the more efficient `distance.nearest_nodes` instead.
[36m(RolloutWorker pid=15604)[39m UserWarning: The `get_nearest_node` function has been deprecated and will be removed in a future release. Use the more efficient `distance.nearest_nodes` instead.
[36m(RolloutWorker pid=15604)[39m UserWarning: The `get_nearest_node` function has been deprecated and will be removed in a future release. Use the more efficient `distance.nearest_nodes` instead.
[36m(RolloutWorker pid=15604)[39m UserWarning: The `get_nearest_node` function has been deprecated and will be removed in a future release. Use the more efficient `distance.nearest_nodes` instead.
[36m(RolloutWorker pid=15604)[39m UserWarning: The `get_nearest_node` function has been deprecated and will be removed in a future release. Use the more efficient `distance.nearest_nodes` instead.
[36m(RolloutWorker pid=15604)[39m UserWarning: The `get_nearest_node` function has been deprecated and will be removed in a future release. Use the more efficient `distance.nearest_nodes` instead.
[36m(RolloutWorker pid=15604)[39m UserWarning: The `get_nearest_node` function has been deprecated and will be removed in a future release. Use the more efficient `distance.nearest_nodes` instead.
[36m(RolloutWorker pid=15604)[39m UserWarning: The `get_nearest_node` function has been deprecated and will be removed in a future release. Use the more efficient `distance.nearest_nodes` instead.
[36m(RolloutWorker pid=15604)[39m UserWarning: The `get_nearest_node` function has been deprecated and will be removed in a future release. Use the more efficient `distance.nearest_nodes` instead.
[36m(RolloutWorker pid=15604)[39m UserWarning: The `get_nearest_node` function has been deprecated and will be removed in a future release. Use the more efficient `distance.nearest_nodes` instead.
[36m(RolloutWorker pid=15604)[39m UserWarning: The `get_nearest_node` function has been deprecated and will be removed in a future release. Use the more efficient `distance.nearest_nodes` instead.
[36m(RolloutWorker pid=15604)[39m UserWarning: The `get_nearest_node` function has been deprecated and will be removed in a future release. Use the more efficient `distance.nearest_nodes` instead.
[36m(RolloutWorker pid=15604)[39m UserWarning: The `get_nearest_node` function has been deprecated and will be removed in a future release. Use the more efficient `distance.nearest_nodes` instead.
[36m(RolloutWorker pid=15604)[39m UserWarning: The `get_nearest_node` function has been deprecated and will be removed in a future release. Use the more efficient `distance.nearest_nodes` instead.
[36m(RolloutWorker pid=15604)[39m UserWarning: The `get_nearest_node` function has been deprecated and will be removed in a future release. Use the more efficient `distance.nearest_nodes` instead.
[36m(RolloutWorker pid=15604)[39m UserWarning: The `get_nearest_node` function has been deprecated and will be removed in a future release. Use the more efficient `distance.nearest_nodes` instead.
[36m(RolloutWorker pid=15604)[39m UserWarning: The `get_nearest_node` function has been deprecated and will be removed in a future release. Use the more efficient `distance.nearest_nodes` instead.
[36m(RolloutWorker pid=15604)[39m UserWarning: The `get_nearest_node` function has been deprecated and will be removed in a future release. Use the more efficient `distance.nearest_nodes` instead.
[36m(RolloutWorker pid=15604)[39m UserWarning: The `get_nearest_node` function has been deprecated and will be removed in a future release. Use the more efficient `distance.nearest_nodes` instead.
[36m(RolloutWorker pid=15604)[39m UserWarning: The `get_nearest_node` function has been deprecated and will be removed in a future release. Use the more efficient `distance.nearest_nodes` instead.
[36m(RolloutWorker pid=15604)[39m UserWarning: The `get_nearest_node` function has been deprecated and will be removed in a future release. Use the more efficient `distance.nearest_nodes` instead.
[36m(RolloutWorker pid=15604)[39m UserWarning: The `get_nearest_node` function has been deprecated and will be removed in a future release. Use the more efficient `distance.nearest_nodes` instead.
[36m(RolloutWorker pid=15604)[39m UserWarning: The `get_nearest_node` function has been deprecated and will be removed in a future release. Use the more efficient `distance.nearest_nodes` instead.
[36m(RolloutWorker pid=15604)[39m UserWarning: The `get_nearest_node` function has been deprecated and will be removed in a future release. Use the more efficient `distance.nearest_nodes` instead.
[36m(RolloutWorker pid=15604)[39m UserWarning: The `get_nearest_node` function has been deprecated and will be removed in a future release. Use the more efficient `distance.nearest_nodes` instead.
[36m(RolloutWorker pid=15604)[39m UserWarning: The `get_nearest_node` function has been deprecated and will be removed in a future release. Use the more efficient `distance.nearest_nodes` instead.
[36m(RolloutWorker pid=15604)[39m UserWarning: The `get_nearest_node` function has been deprecated and will be removed in a future release. Use the more efficient `distance.nearest_nodes` instead.
[36m(RolloutWorker pid=15604)[39m UserWarning: The `get_nearest_node` function has been deprecated and will be removed in a future release. Use the more efficient `distance.nearest_nodes` instead.
[36m(RolloutWorker pid=15604)[39m UserWarning: The `get_nearest_node` function has been deprecated and will be removed in a future release. Use the more efficient `distance.nearest_nodes` instead.
[36m(RolloutWorker pid=15604)[39m UserWarning: The `get_nearest_node` function has been deprecated and will be removed in a future release. Use the more efficient `distance.nearest_nodes` instead.
[36m(RolloutWorker pid=15604)[39m UserWarning: The `get_nearest_node` function has been deprecated and will be removed in a future release. Use the more efficient `distance.nearest_nodes` instead.
[36m(RolloutWorker pid=15604)[39m UserWarning: The `get_nearest_node` function has been deprecated and will be removed in a future release. Use the more efficient `distance.nearest_nodes` instead.
[36m(RolloutWorker pid=15604)[39m UserWarning: The `get_nearest_node` function has been deprecated and will be removed in a future release. Use the more efficient `distance.nearest_nodes` instead.
[36m(RolloutWorker pid=15604)[39m UserWarning: The `get_nearest_node` function has been deprecated and will be removed in a future release. Use the more efficient `distance.nearest_nodes` instead.
[36m(RolloutWorker pid=15604)[39m UserWarning: The `get_nearest_node` function has been deprecated and will be removed in a future release. Use the more efficient `distance.nearest_nodes` instead.
[36m(RolloutWorker pid=15604)[39m UserWarning: The `get_nearest_node` function has been deprecated and will be removed in a future release. Use the more efficient `distance.nearest_nodes` instead.
[36m(RolloutWorker pid=15604)[39m UserWarning: The `get_nearest_node` function has been deprecated and will be removed in a future release. Use the more efficient `distance.nearest_nodes` instead.
[36m(RolloutWorker pid=15604)[39m UserWarning: The `get_nearest_node` function has been deprecated and will be removed in a future release. Use the more efficient `distance.nearest_nodes` instead.
Traceback (most recent call last):
  File "C:\Users\cosmi\anaconda3\envs\teamproject\lib\site-packages\ray\rllib\agents\trainer.py", line 935, in setup
    self._init(self.config, self.env_creator)
  File "C:\Users\cosmi\anaconda3\envs\teamproject\lib\site-packages\ray\rllib\agents\trainer.py", line 1074, in _init
    raise NotImplementedError
NotImplementedError
During handling of the above exception, another exception occurred:
Traceback (most recent call last):
  File "c:\Users\cosmi\Documents\Mannheim\ines-autonomous-dispatching\Manhattan_Graph_Environment\training\train_DQN.py", line 55, in <module>
    trainer = DQNTrainer(trainer_config,GraphEnv )
  File "C:\Users\cosmi\anaconda3\envs\teamproject\lib\site-packages\ray\rllib\agents\trainer.py", line 870, in __init__
    super().__init__(
  File "C:\Users\cosmi\anaconda3\envs\teamproject\lib\site-packages\ray\tune\trainable.py", line 156, in __init__
    self.setup(copy.deepcopy(self.config))
  File "C:\Users\cosmi\anaconda3\envs\teamproject\lib\site-packages\ray\rllib\agents\trainer.py", line 950, in setup
    self.workers = WorkerSet(
  File "C:\Users\cosmi\anaconda3\envs\teamproject\lib\site-packages\ray\rllib\evaluation\worker_set.py", line 142, in __init__
    remote_spaces = ray.get(
  File "C:\Users\cosmi\anaconda3\envs\teamproject\lib\site-packages\ray\_private\client_mode_hook.py", line 105, in wrapper
    return func(*args, **kwargs)
  File "C:\Users\cosmi\anaconda3\envs\teamproject\lib\site-packages\ray\worker.py", line 1825, in get
    values, debugger_breakpoint = worker.get_objects(object_refs, timeout=timeout)
  File "C:\Users\cosmi\anaconda3\envs\teamproject\lib\site-packages\ray\worker.py", line 364, in get_objects
    data_metadata_pairs = self.core_worker.get_objects(
  File "python\ray\_raylet.pyx", line 1200, in ray._raylet.CoreWorker.get_objects
  File "python\ray\_raylet.pyx", line 169, in ray._raylet.check_status
KeyboardInterrupt
Traceback (most recent call last):
  File "C:\Users\cosmi\anaconda3\envs\teamproject\lib\site-packages\ray\rllib\agents\trainer.py", line 935, in setup
    self._init(self.config, self.env_creator)
  File "C:\Users\cosmi\anaconda3\envs\teamproject\lib\site-packages\ray\rllib\agents\trainer.py", line 1074, in _init
    raise NotImplementedError
NotImplementedError
During handling of the above exception, another exception occurred:
Traceback (most recent call last):
  File "c:\Users\cosmi\Documents\Mannheim\ines-autonomous-dispatching\Manhattan_Graph_Environment\training\train_DQN.py", line 55, in <module>
    trainer = DQNTrainer(trainer_config,GraphEnv )
  File "C:\Users\cosmi\anaconda3\envs\teamproject\lib\site-packages\ray\rllib\agents\trainer.py", line 870, in __init__
    super().__init__(
  File "C:\Users\cosmi\anaconda3\envs\teamproject\lib\site-packages\ray\tune\trainable.py", line 156, in __init__
    self.setup(copy.deepcopy(self.config))
  File "C:\Users\cosmi\anaconda3\envs\teamproject\lib\site-packages\ray\rllib\agents\trainer.py", line 950, in setup
    self.workers = WorkerSet(
  File "C:\Users\cosmi\anaconda3\envs\teamproject\lib\site-packages\ray\rllib\evaluation\worker_set.py", line 142, in __init__
    remote_spaces = ray.get(
  File "C:\Users\cosmi\anaconda3\envs\teamproject\lib\site-packages\ray\_private\client_mode_hook.py", line 105, in wrapper
    return func(*args, **kwargs)
  File "C:\Users\cosmi\anaconda3\envs\teamproject\lib\site-packages\ray\worker.py", line 1825, in get
    values, debugger_breakpoint = worker.get_objects(object_refs, timeout=timeout)
  File "C:\Users\cosmi\anaconda3\envs\teamproject\lib\site-packages\ray\worker.py", line 364, in get_objects
    data_metadata_pairs = self.core_worker.get_objects(
  File "python\ray\_raylet.pyx", line 1200, in ray._raylet.CoreWorker.get_objects
  File "python\ray\_raylet.pyx", line 169, in ray._raylet.check_status
KeyboardInterrupt
[36m(RolloutWorker pid=15604)[39m UserWarning: The `get_nearest_node` function has been deprecated and will be removed in a future release. Use the more efficient `distance.nearest_nodes` instead.
[36m(RolloutWorker pid=15604)[39m UserWarning: The `get_nearest_node` function has been deprecated and will be removed in a future release. Use the more efficient `distance.nearest_nodes` instead.
[36m(RolloutWorker pid=15604)[39m UserWarning: The `get_nearest_node` function has been deprecated and will be removed in a future release. Use the more efficient `distance.nearest_nodes` instead.
[36m(RolloutWorker pid=15604)[39m UserWarning: The `get_nearest_node` function has been deprecated and will be removed in a future release. Use the more efficient `distance.nearest_nodes` instead.
[36m(RolloutWorker pid=15604)[39m UserWarning: The `get_nearest_node` function has been deprecated and will be removed in a future release. Use the more efficient `distance.nearest_nodes` instead.