UserWarning: The `get_nearest_node` function has been deprecated and will be removed in a future release. Use the more efficient `distance.nearest_nodes` instead.
UserWarning: The `get_nearest_node` function has been deprecated and will be removed in a future release. Use the more efficient `distance.nearest_nodes` instead.
UserWarning: The `get_nearest_node` function has been deprecated and will be removed in a future release. Use the more efficient `distance.nearest_nodes` instead.
UserWarning: The `get_nearest_node` function has been deprecated and will be removed in a future release. Use the more efficient `distance.nearest_nodes` instead.
UserWarning: The `get_nearest_node` function has been deprecated and will be removed in a future release. Use the more efficient `distance.nearest_nodes` instead.
UserWarning: The `get_nearest_node` function has been deprecated and will be removed in a future release. Use the more efficient `distance.nearest_nodes` instead.
UserWarning: The `get_nearest_node` function has been deprecated and will be removed in a future release. Use the more efficient `distance.nearest_nodes` instead.
UserWarning: The `get_nearest_node` function has been deprecated and will be removed in a future release. Use the more efficient `distance.nearest_nodes` instead.
UserWarning: The `get_nearest_node` function has been deprecated and will be removed in a future release. Use the more efficient `distance.nearest_nodes` instead.
UserWarning: The `get_nearest_node` function has been deprecated and will be removed in a future release. Use the more efficient `distance.nearest_nodes` instead.
UserWarning: The `get_nearest_node` function has been deprecated and will be removed in a future release. Use the more efficient `distance.nearest_nodes` instead.
UserWarning: The `get_nearest_node` function has been deprecated and will be removed in a future release. Use the more efficient `distance.nearest_nodes` instead.
UserWarning: The `get_nearest_node` function has been deprecated and will be removed in a future release. Use the more efficient `distance.nearest_nodes` instead.
UserWarning: The `get_nearest_node` function has been deprecated and will be removed in a future release. Use the more efficient `distance.nearest_nodes` instead.
UserWarning: The `get_nearest_node` function has been deprecated and will be removed in a future release. Use the more efficient `distance.nearest_nodes` instead.
UserWarning: The `get_nearest_node` function has been deprecated and will be removed in a future release. Use the more efficient `distance.nearest_nodes` instead.
UserWarning: The `get_nearest_node` function has been deprecated and will be removed in a future release. Use the more efficient `distance.nearest_nodes` instead.
UserWarning: The `get_nearest_node` function has been deprecated and will be removed in a future release. Use the more efficient `distance.nearest_nodes` instead.
UserWarning: The `get_nearest_node` function has been deprecated and will be removed in a future release. Use the more efficient `distance.nearest_nodes` instead.
UserWarning: The `get_nearest_node` function has been deprecated and will be removed in a future release. Use the more efficient `distance.nearest_nodes` instead.
UserWarning: The `get_nearest_node` function has been deprecated and will be removed in a future release. Use the more efficient `distance.nearest_nodes` instead.
UserWarning: The `get_nearest_node` function has been deprecated and will be removed in a future release. Use the more efficient `distance.nearest_nodes` instead.
UserWarning: The `get_nearest_node` function has been deprecated and will be removed in a future release. Use the more efficient `distance.nearest_nodes` instead.
UserWarning: The `get_nearest_node` function has been deprecated and will be removed in a future release. Use the more efficient `distance.nearest_nodes` instead.
UserWarning: The `get_nearest_node` function has been deprecated and will be removed in a future release. Use the more efficient `distance.nearest_nodes` instead.
UserWarning: The `get_nearest_node` function has been deprecated and will be removed in a future release. Use the more efficient `distance.nearest_nodes` instead.
UserWarning: The `get_nearest_node` function has been deprecated and will be removed in a future release. Use the more efficient `distance.nearest_nodes` instead.
UserWarning: The `get_nearest_node` function has been deprecated and will be removed in a future release. Use the more efficient `distance.nearest_nodes` instead.
UserWarning: The `get_nearest_node` function has been deprecated and will be removed in a future release. Use the more efficient `distance.nearest_nodes` instead.
UserWarning: The `get_nearest_node` function has been deprecated and will be removed in a future release. Use the more efficient `distance.nearest_nodes` instead.
UserWarning: The `get_nearest_node` function has been deprecated and will be removed in a future release. Use the more efficient `distance.nearest_nodes` instead.
UserWarning: The `get_nearest_node` function has been deprecated and will be removed in a future release. Use the more efficient `distance.nearest_nodes` instead.
UserWarning: The `get_nearest_node` function has been deprecated and will be removed in a future release. Use the more efficient `distance.nearest_nodes` instead.
UserWarning: The `get_nearest_node` function has been deprecated and will be removed in a future release. Use the more efficient `distance.nearest_nodes` instead.
UserWarning: The `get_nearest_node` function has been deprecated and will be removed in a future release. Use the more efficient `distance.nearest_nodes` instead.
UserWarning: The `get_nearest_node` function has been deprecated and will be removed in a future release. Use the more efficient `distance.nearest_nodes` instead.
UserWarning: The `get_nearest_node` function has been deprecated and will be removed in a future release. Use the more efficient `distance.nearest_nodes` instead.
UserWarning: The `get_nearest_node` function has been deprecated and will be removed in a future release. Use the more efficient `distance.nearest_nodes` instead.
UserWarning: The `get_nearest_node` function has been deprecated and will be removed in a future release. Use the more efficient `distance.nearest_nodes` instead.
UserWarning: The `get_nearest_node` function has been deprecated and will be removed in a future release. Use the more efficient `distance.nearest_nodes` instead.
UserWarning: The `get_nearest_node` function has been deprecated and will be removed in a future release. Use the more efficient `distance.nearest_nodes` instead.
UserWarning: The `get_nearest_node` function has been deprecated and will be removed in a future release. Use the more efficient `distance.nearest_nodes` instead.
UserWarning: The `get_nearest_node` function has been deprecated and will be removed in a future release. Use the more efficient `distance.nearest_nodes` instead.
UserWarning: The `get_nearest_node` function has been deprecated and will be removed in a future release. Use the more efficient `distance.nearest_nodes` instead.
UserWarning: The `get_nearest_node` function has been deprecated and will be removed in a future release. Use the more efficient `distance.nearest_nodes` instead.
UserWarning: The `get_nearest_node` function has been deprecated and will be removed in a future release. Use the more efficient `distance.nearest_nodes` instead.
UserWarning: The `get_nearest_node` function has been deprecated and will be removed in a future release. Use the more efficient `distance.nearest_nodes` instead.
UserWarning: The `get_nearest_node` function has been deprecated and will be removed in a future release. Use the more efficient `distance.nearest_nodes` instead.
UserWarning: The `get_nearest_node` function has been deprecated and will be removed in a future release. Use the more efficient `distance.nearest_nodes` instead.
UserWarning: The `get_nearest_node` function has been deprecated and will be removed in a future release. Use the more efficient `distance.nearest_nodes` instead.
UserWarning: The `get_nearest_node` function has been deprecated and will be removed in a future release. Use the more efficient `distance.nearest_nodes` instead.
UserWarning: The `get_nearest_node` function has been deprecated and will be removed in a future release. Use the more efficient `distance.nearest_nodes` instead.
UserWarning: The `get_nearest_node` function has been deprecated and will be removed in a future release. Use the more efficient `distance.nearest_nodes` instead.
UserWarning: The `get_nearest_node` function has been deprecated and will be removed in a future release. Use the more efficient `distance.nearest_nodes` instead.
UserWarning: The `get_nearest_node` function has been deprecated and will be removed in a future release. Use the more efficient `distance.nearest_nodes` instead.
UserWarning: The `get_nearest_node` function has been deprecated and will be removed in a future release. Use the more efficient `distance.nearest_nodes` instead.
UserWarning: The `get_nearest_node` function has been deprecated and will be removed in a future release. Use the more efficient `distance.nearest_nodes` instead.
UserWarning: The `get_nearest_node` function has been deprecated and will be removed in a future release. Use the more efficient `distance.nearest_nodes` instead.
UserWarning: The `get_nearest_node` function has been deprecated and will be removed in a future release. Use the more efficient `distance.nearest_nodes` instead.
UserWarning: The `get_nearest_node` function has been deprecated and will be removed in a future release. Use the more efficient `distance.nearest_nodes` instead.
UserWarning: The `get_nearest_node` function has been deprecated and will be removed in a future release. Use the more efficient `distance.nearest_nodes` instead.
UserWarning: The `get_nearest_node` function has been deprecated and will be removed in a future release. Use the more efficient `distance.nearest_nodes` instead.
UserWarning: The `get_nearest_node` function has been deprecated and will be removed in a future release. Use the more efficient `distance.nearest_nodes` instead.
UserWarning: The `get_nearest_node` function has been deprecated and will be removed in a future release. Use the more efficient `distance.nearest_nodes` instead.
UserWarning: The `get_nearest_node` function has been deprecated and will be removed in a future release. Use the more efficient `distance.nearest_nodes` instead.
UserWarning: The `get_nearest_node` function has been deprecated and will be removed in a future release. Use the more efficient `distance.nearest_nodes` instead.
UserWarning: The `get_nearest_node` function has been deprecated and will be removed in a future release. Use the more efficient `distance.nearest_nodes` instead.
UserWarning: The `get_nearest_node` function has been deprecated and will be removed in a future release. Use the more efficient `distance.nearest_nodes` instead.
UserWarning: The `get_nearest_node` function has been deprecated and will be removed in a future release. Use the more efficient `distance.nearest_nodes` instead.
UserWarning: The `get_nearest_node` function has been deprecated and will be removed in a future release. Use the more efficient `distance.nearest_nodes` instead.
DB: getAvailableTrips() Execution time: 17.988484144210815 seconds
loaded 154837 trips
Initialized with 154837 taxi rides within two weeks
2022-05-16 17:44:04,120	INFO services.py:1412 -- View the Ray dashboard at [32m[1mhttp://127.0.0.1:8266
2022-05-16 17:44:16,283	INFO simple_q.py:154 -- In multi-agent mode, policies will be optimized sequentially by the multi-GPU optimizer. Consider setting `simple_optimizer=True` if this doesn't work for you.
2022-05-16 17:44:16,285	INFO trainer.py:779 -- Current log_level is WARN. For more information, set 'log_level': 'INFO' / 'DEBUG' or use the -v and -vv flags.
[36m(RolloutWorker pid=3988)[39m UserWarning: The `get_nearest_node` function has been deprecated and will be removed in a future release. Use the more efficient `distance.nearest_nodes` instead.
[36m(RolloutWorker pid=3988)[39m UserWarning: The `get_nearest_node` function has been deprecated and will be removed in a future release. Use the more efficient `distance.nearest_nodes` instead.
[36m(RolloutWorker pid=3988)[39m UserWarning: The `get_nearest_node` function has been deprecated and will be removed in a future release. Use the more efficient `distance.nearest_nodes` instead.
[36m(RolloutWorker pid=3988)[39m UserWarning: The `get_nearest_node` function has been deprecated and will be removed in a future release. Use the more efficient `distance.nearest_nodes` instead.
[36m(RolloutWorker pid=3988)[39m UserWarning: The `get_nearest_node` function has been deprecated and will be removed in a future release. Use the more efficient `distance.nearest_nodes` instead.
[36m(RolloutWorker pid=3988)[39m UserWarning: The `get_nearest_node` function has been deprecated and will be removed in a future release. Use the more efficient `distance.nearest_nodes` instead.
[36m(RolloutWorker pid=3988)[39m UserWarning: The `get_nearest_node` function has been deprecated and will be removed in a future release. Use the more efficient `distance.nearest_nodes` instead.
[36m(RolloutWorker pid=3988)[39m UserWarning: The `get_nearest_node` function has been deprecated and will be removed in a future release. Use the more efficient `distance.nearest_nodes` instead.
[36m(RolloutWorker pid=3988)[39m UserWarning: The `get_nearest_node` function has been deprecated and will be removed in a future release. Use the more efficient `distance.nearest_nodes` instead.
[36m(RolloutWorker pid=3988)[39m UserWarning: The `get_nearest_node` function has been deprecated and will be removed in a future release. Use the more efficient `distance.nearest_nodes` instead.
[36m(RolloutWorker pid=3988)[39m UserWarning: The `get_nearest_node` function has been deprecated and will be removed in a future release. Use the more efficient `distance.nearest_nodes` instead.
[36m(RolloutWorker pid=3988)[39m UserWarning: The `get_nearest_node` function has been deprecated and will be removed in a future release. Use the more efficient `distance.nearest_nodes` instead.
[36m(RolloutWorker pid=3988)[39m UserWarning: The `get_nearest_node` function has been deprecated and will be removed in a future release. Use the more efficient `distance.nearest_nodes` instead.
[36m(RolloutWorker pid=3988)[39m UserWarning: The `get_nearest_node` function has been deprecated and will be removed in a future release. Use the more efficient `distance.nearest_nodes` instead.
[36m(RolloutWorker pid=3988)[39m UserWarning: The `get_nearest_node` function has been deprecated and will be removed in a future release. Use the more efficient `distance.nearest_nodes` instead.
[36m(RolloutWorker pid=3988)[39m UserWarning: The `get_nearest_node` function has been deprecated and will be removed in a future release. Use the more efficient `distance.nearest_nodes` instead.
[36m(RolloutWorker pid=3988)[39m UserWarning: The `get_nearest_node` function has been deprecated and will be removed in a future release. Use the more efficient `distance.nearest_nodes` instead.
[36m(RolloutWorker pid=3988)[39m UserWarning: The `get_nearest_node` function has been deprecated and will be removed in a future release. Use the more efficient `distance.nearest_nodes` instead.
[36m(RolloutWorker pid=3988)[39m UserWarning: The `get_nearest_node` function has been deprecated and will be removed in a future release. Use the more efficient `distance.nearest_nodes` instead.
[36m(RolloutWorker pid=3988)[39m UserWarning: The `get_nearest_node` function has been deprecated and will be removed in a future release. Use the more efficient `distance.nearest_nodes` instead.
[36m(RolloutWorker pid=3988)[39m UserWarning: The `get_nearest_node` function has been deprecated and will be removed in a future release. Use the more efficient `distance.nearest_nodes` instead.
[36m(RolloutWorker pid=3988)[39m UserWarning: The `get_nearest_node` function has been deprecated and will be removed in a future release. Use the more efficient `distance.nearest_nodes` instead.
[36m(RolloutWorker pid=3988)[39m UserWarning: The `get_nearest_node` function has been deprecated and will be removed in a future release. Use the more efficient `distance.nearest_nodes` instead.
[36m(RolloutWorker pid=3988)[39m UserWarning: The `get_nearest_node` function has been deprecated and will be removed in a future release. Use the more efficient `distance.nearest_nodes` instead.
[36m(RolloutWorker pid=3988)[39m UserWarning: The `get_nearest_node` function has been deprecated and will be removed in a future release. Use the more efficient `distance.nearest_nodes` instead.
[36m(RolloutWorker pid=3988)[39m UserWarning: The `get_nearest_node` function has been deprecated and will be removed in a future release. Use the more efficient `distance.nearest_nodes` instead.
[36m(RolloutWorker pid=3988)[39m UserWarning: The `get_nearest_node` function has been deprecated and will be removed in a future release. Use the more efficient `distance.nearest_nodes` instead.
[36m(RolloutWorker pid=3988)[39m UserWarning: The `get_nearest_node` function has been deprecated and will be removed in a future release. Use the more efficient `distance.nearest_nodes` instead.
[36m(RolloutWorker pid=3988)[39m UserWarning: The `get_nearest_node` function has been deprecated and will be removed in a future release. Use the more efficient `distance.nearest_nodes` instead.
[36m(RolloutWorker pid=3988)[39m UserWarning: The `get_nearest_node` function has been deprecated and will be removed in a future release. Use the more efficient `distance.nearest_nodes` instead.
[36m(RolloutWorker pid=3988)[39m UserWarning: The `get_nearest_node` function has been deprecated and will be removed in a future release. Use the more efficient `distance.nearest_nodes` instead.
[36m(RolloutWorker pid=3988)[39m UserWarning: The `get_nearest_node` function has been deprecated and will be removed in a future release. Use the more efficient `distance.nearest_nodes` instead.
[36m(RolloutWorker pid=3988)[39m UserWarning: The `get_nearest_node` function has been deprecated and will be removed in a future release. Use the more efficient `distance.nearest_nodes` instead.
[36m(RolloutWorker pid=3988)[39m UserWarning: The `get_nearest_node` function has been deprecated and will be removed in a future release. Use the more efficient `distance.nearest_nodes` instead.
[36m(RolloutWorker pid=3988)[39m UserWarning: The `get_nearest_node` function has been deprecated and will be removed in a future release. Use the more efficient `distance.nearest_nodes` instead.
[36m(RolloutWorker pid=3988)[39m UserWarning: The `get_nearest_node` function has been deprecated and will be removed in a future release. Use the more efficient `distance.nearest_nodes` instead.
[36m(RolloutWorker pid=3988)[39m UserWarning: The `get_nearest_node` function has been deprecated and will be removed in a future release. Use the more efficient `distance.nearest_nodes` instead.
[36m(RolloutWorker pid=3988)[39m UserWarning: The `get_nearest_node` function has been deprecated and will be removed in a future release. Use the more efficient `distance.nearest_nodes` instead.
[36m(RolloutWorker pid=3988)[39m UserWarning: The `get_nearest_node` function has been deprecated and will be removed in a future release. Use the more efficient `distance.nearest_nodes` instead.
[36m(RolloutWorker pid=3988)[39m UserWarning: The `get_nearest_node` function has been deprecated and will be removed in a future release. Use the more efficient `distance.nearest_nodes` instead.
[36m(RolloutWorker pid=3988)[39m UserWarning: The `get_nearest_node` function has been deprecated and will be removed in a future release. Use the more efficient `distance.nearest_nodes` instead.
[36m(RolloutWorker pid=3988)[39m UserWarning: The `get_nearest_node` function has been deprecated and will be removed in a future release. Use the more efficient `distance.nearest_nodes` instead.
[36m(RolloutWorker pid=3988)[39m UserWarning: The `get_nearest_node` function has been deprecated and will be removed in a future release. Use the more efficient `distance.nearest_nodes` instead.
[36m(RolloutWorker pid=3988)[39m UserWarning: The `get_nearest_node` function has been deprecated and will be removed in a future release. Use the more efficient `distance.nearest_nodes` instead.
[36m(RolloutWorker pid=3988)[39m UserWarning: The `get_nearest_node` function has been deprecated and will be removed in a future release. Use the more efficient `distance.nearest_nodes` instead.
[36m(RolloutWorker pid=3988)[39m UserWarning: The `get_nearest_node` function has been deprecated and will be removed in a future release. Use the more efficient `distance.nearest_nodes` instead.
[36m(RolloutWorker pid=3988)[39m UserWarning: The `get_nearest_node` function has been deprecated and will be removed in a future release. Use the more efficient `distance.nearest_nodes` instead.
[36m(RolloutWorker pid=3988)[39m UserWarning: The `get_nearest_node` function has been deprecated and will be removed in a future release. Use the more efficient `distance.nearest_nodes` instead.
[36m(RolloutWorker pid=3988)[39m UserWarning: The `get_nearest_node` function has been deprecated and will be removed in a future release. Use the more efficient `distance.nearest_nodes` instead.
[36m(RolloutWorker pid=3988)[39m UserWarning: The `get_nearest_node` function has been deprecated and will be removed in a future release. Use the more efficient `distance.nearest_nodes` instead.
[36m(RolloutWorker pid=3988)[39m UserWarning: The `get_nearest_node` function has been deprecated and will be removed in a future release. Use the more efficient `distance.nearest_nodes` instead.
[36m(RolloutWorker pid=3988)[39m UserWarning: The `get_nearest_node` function has been deprecated and will be removed in a future release. Use the more efficient `distance.nearest_nodes` instead.
[36m(RolloutWorker pid=3988)[39m UserWarning: The `get_nearest_node` function has been deprecated and will be removed in a future release. Use the more efficient `distance.nearest_nodes` instead.
[36m(RolloutWorker pid=3988)[39m UserWarning: The `get_nearest_node` function has been deprecated and will be removed in a future release. Use the more efficient `distance.nearest_nodes` instead.
[36m(RolloutWorker pid=3988)[39m UserWarning: The `get_nearest_node` function has been deprecated and will be removed in a future release. Use the more efficient `distance.nearest_nodes` instead.
[36m(RolloutWorker pid=3988)[39m UserWarning: The `get_nearest_node` function has been deprecated and will be removed in a future release. Use the more efficient `distance.nearest_nodes` instead.
[36m(RolloutWorker pid=3988)[39m UserWarning: The `get_nearest_node` function has been deprecated and will be removed in a future release. Use the more efficient `distance.nearest_nodes` instead.
[36m(RolloutWorker pid=3988)[39m UserWarning: The `get_nearest_node` function has been deprecated and will be removed in a future release. Use the more efficient `distance.nearest_nodes` instead.
[36m(RolloutWorker pid=3988)[39m UserWarning: The `get_nearest_node` function has been deprecated and will be removed in a future release. Use the more efficient `distance.nearest_nodes` instead.
[36m(RolloutWorker pid=3988)[39m UserWarning: The `get_nearest_node` function has been deprecated and will be removed in a future release. Use the more efficient `distance.nearest_nodes` instead.
[36m(RolloutWorker pid=3988)[39m UserWarning: The `get_nearest_node` function has been deprecated and will be removed in a future release. Use the more efficient `distance.nearest_nodes` instead.
[36m(RolloutWorker pid=3988)[39m UserWarning: The `get_nearest_node` function has been deprecated and will be removed in a future release. Use the more efficient `distance.nearest_nodes` instead.
[36m(RolloutWorker pid=3988)[39m UserWarning: The `get_nearest_node` function has been deprecated and will be removed in a future release. Use the more efficient `distance.nearest_nodes` instead.
[36m(RolloutWorker pid=3988)[39m UserWarning: The `get_nearest_node` function has been deprecated and will be removed in a future release. Use the more efficient `distance.nearest_nodes` instead.
[36m(RolloutWorker pid=3988)[39m UserWarning: The `get_nearest_node` function has been deprecated and will be removed in a future release. Use the more efficient `distance.nearest_nodes` instead.
[36m(RolloutWorker pid=3988)[39m UserWarning: The `get_nearest_node` function has been deprecated and will be removed in a future release. Use the more efficient `distance.nearest_nodes` instead.
[36m(RolloutWorker pid=3988)[39m UserWarning: The `get_nearest_node` function has been deprecated and will be removed in a future release. Use the more efficient `distance.nearest_nodes` instead.
[36m(RolloutWorker pid=3988)[39m UserWarning: The `get_nearest_node` function has been deprecated and will be removed in a future release. Use the more efficient `distance.nearest_nodes` instead.
[36m(RolloutWorker pid=3988)[39m UserWarning: The `get_nearest_node` function has been deprecated and will be removed in a future release. Use the more efficient `distance.nearest_nodes` instead.
[36m(RolloutWorker pid=3988)[39m UserWarning: The `get_nearest_node` function has been deprecated and will be removed in a future release. Use the more efficient `distance.nearest_nodes` instead.
[36m(RolloutWorker pid=3988)[39m DB: getAvailableTrips() Execution time: 6.554482936859131 seconds
[36m(RolloutWorker pid=3988)[39m loaded 154837 trips
[36m(RolloutWorker pid=3988)[39m Initialized with 154837 taxi rides within two weeks
[36m(RolloutWorker pid=3988)[39m Started Reset() without config
[36m(RolloutWorker pid=3988)[39m Reset initialized pickup: 15
[36m(RolloutWorker pid=3988)[39m Reset initialized dropoff: 54
[36m(RolloutWorker pid=3988)[39m Reset initialized time: 2016-01-11 01:08:00
[36m(RolloutWorker pid=3988)[39m [0. 0. 0. 0. 0. 0. 0. 0. 0. 0. 0. 0. 0. 0. 0. 0. 0. 0. 0. 0. 0. 0. 0. 0.
[36m(RolloutWorker pid=3988)[39m  0. 0. 0. 0. 0. 0. 0. 0. 0. 0. 0. 0. 0. 0. 0. 0. 0. 0. 0. 0. 0. 0. 0. 0.
[36m(RolloutWorker pid=3988)[39m  0. 0. 0. 0. 0. 0. 0. 0. 0. 0. 0. 0. 0. 0. 0. 0. 0. 0. 0. 1. 0. 1.]
[36m(RolloutWorker pid=3988)[39m [{'departure_time': '2016-01-11 01:12:26', 'target_hub': 42445916, 'route': [42446959, 42445916], 'trip_row_id': 'id3879394'}, {'departure_time': '2016-01-11 01:12:26', 'target_hub': 42430333, 'route': [42446959, 42445916, 42437358, 42430333], 'trip_row_id': 'id3879394'}]
Traceback (most recent call last):
  File "/Users/noah/opt/anaconda3/lib/python3.8/site-packages/ray/rllib/agents/trainer.py", line 807, in setup
    self._init(self.config, self.env_creator)
  File "/Users/noah/opt/anaconda3/lib/python3.8/site-packages/ray/rllib/agents/trainer.py", line 925, in _init
    raise NotImplementedError
NotImplementedError
During handling of the above exception, another exception occurred:
Traceback (most recent call last):
  File "/Users/noah/Desktop/Repositories/ines-autonomous-dispatching/rl/Manhattan_Graph_Environment/train_DQN.py", line 38, in <module>
    trainer = DQNTrainer(trainer_config,GraphEnv )
  File "/Users/noah/opt/anaconda3/lib/python3.8/site-packages/ray/rllib/agents/trainer.py", line 746, in __init__
    super().__init__(config, logger_creator, remote_checkpoint_dir,
  File "/Users/noah/opt/anaconda3/lib/python3.8/site-packages/ray/tune/trainable.py", line 124, in __init__
    self.setup(copy.deepcopy(self.config))
  File "/Users/noah/opt/anaconda3/lib/python3.8/site-packages/ray/rllib/agents/trainer.py", line 822, in setup
    self.workers = self._make_workers(
  File "/Users/noah/opt/anaconda3/lib/python3.8/site-packages/ray/rllib/agents/trainer.py", line 1995, in _make_workers
    return WorkerSet(
  File "/Users/noah/opt/anaconda3/lib/python3.8/site-packages/ray/rllib/evaluation/worker_set.py", line 101, in __init__
    remote_spaces = ray.get(self.remote_workers(
  File "/Users/noah/opt/anaconda3/lib/python3.8/site-packages/ray/_private/client_mode_hook.py", line 105, in wrapper
    return func(*args, **kwargs)
  File "/Users/noah/opt/anaconda3/lib/python3.8/site-packages/ray/worker.py", line 1765, in get
    raise value
ray.exceptions.RayActorError: The actor died because of an error raised in its creation task, [36mray::RolloutWorker.__init__()[39m (pid=3988, ip=127.0.0.1, repr=<ray.rllib.evaluation.rollout_worker.RolloutWorker object at 0x7f7f9bc11130>)
  File "/Users/noah/opt/anaconda3/lib/python3.8/site-packages/ray/rllib/evaluation/rollout_worker.py", line 462, in __init__
    _validate_env(self.env, env_context=self.env_context)
  File "/Users/noah/opt/anaconda3/lib/python3.8/site-packages/ray/rllib/evaluation/rollout_worker.py", line 1712, in _validate_env
    dummy_obs = env.reset()
  File "/Users/noah/Desktop/Repositories/ines-autonomous-dispatching/rl/Manhattan_Graph_Environment/gym_graphenv/envs/GraphworldManhattan.py", line 155, in reset
    self.learn_graph.add_travel_cost_layer(self.availableTrips(), self.distance_matrix)
  File "/Users/noah/Desktop/Repositories/ines-autonomous-dispatching/rl/Manhattan_Graph_Environment/gym_graphenv/envs/GraphworldManhattan.py", line 543, in availableTrips
    print('found '+ str(len(list_trips)) +' trips, ' + 'current time: ' + self.time)
TypeError: can only concatenate str (not "datetime.datetime") to str
Traceback (most recent call last):
  File "/Users/noah/opt/anaconda3/lib/python3.8/site-packages/ray/rllib/agents/trainer.py", line 807, in setup
    self._init(self.config, self.env_creator)
  File "/Users/noah/opt/anaconda3/lib/python3.8/site-packages/ray/rllib/agents/trainer.py", line 925, in _init
    raise NotImplementedError
NotImplementedError
During handling of the above exception, another exception occurred:
Traceback (most recent call last):
  File "/Users/noah/Desktop/Repositories/ines-autonomous-dispatching/rl/Manhattan_Graph_Environment/train_DQN.py", line 38, in <module>
    trainer = DQNTrainer(trainer_config,GraphEnv )
  File "/Users/noah/opt/anaconda3/lib/python3.8/site-packages/ray/rllib/agents/trainer.py", line 746, in __init__
    super().__init__(config, logger_creator, remote_checkpoint_dir,
  File "/Users/noah/opt/anaconda3/lib/python3.8/site-packages/ray/tune/trainable.py", line 124, in __init__
    self.setup(copy.deepcopy(self.config))
  File "/Users/noah/opt/anaconda3/lib/python3.8/site-packages/ray/rllib/agents/trainer.py", line 822, in setup
    self.workers = self._make_workers(
  File "/Users/noah/opt/anaconda3/lib/python3.8/site-packages/ray/rllib/agents/trainer.py", line 1995, in _make_workers
    return WorkerSet(
  File "/Users/noah/opt/anaconda3/lib/python3.8/site-packages/ray/rllib/evaluation/worker_set.py", line 101, in __init__
    remote_spaces = ray.get(self.remote_workers(
  File "/Users/noah/opt/anaconda3/lib/python3.8/site-packages/ray/_private/client_mode_hook.py", line 105, in wrapper
    return func(*args, **kwargs)
  File "/Users/noah/opt/anaconda3/lib/python3.8/site-packages/ray/worker.py", line 1765, in get
    raise value
ray.exceptions.RayActorError: The actor died because of an error raised in its creation task, [36mray::RolloutWorker.__init__()[39m (pid=3988, ip=127.0.0.1, repr=<ray.rllib.evaluation.rollout_worker.RolloutWorker object at 0x7f7f9bc11130>)
  File "/Users/noah/opt/anaconda3/lib/python3.8/site-packages/ray/rllib/evaluation/rollout_worker.py", line 462, in __init__
    _validate_env(self.env, env_context=self.env_context)
  File "/Users/noah/opt/anaconda3/lib/python3.8/site-packages/ray/rllib/evaluation/rollout_worker.py", line 1712, in _validate_env
    dummy_obs = env.reset()
  File "/Users/noah/Desktop/Repositories/ines-autonomous-dispatching/rl/Manhattan_Graph_Environment/gym_graphenv/envs/GraphworldManhattan.py", line 155, in reset
    self.learn_graph.add_travel_cost_layer(self.availableTrips(), self.distance_matrix)
  File "/Users/noah/Desktop/Repositories/ines-autonomous-dispatching/rl/Manhattan_Graph_Environment/gym_graphenv/envs/GraphworldManhattan.py", line 543, in availableTrips
    print('found '+ str(len(list_trips)) +' trips, ' + 'current time: ' + self.time)
TypeError: can only concatenate str (not "datetime.datetime") to str
[36m(RolloutWorker pid=3988)[39m 2022-05-16 17:45:54,568	ERROR worker.py:430 -- Exception raised in creation task: The actor died because of an error raised in its creation task, [36mray::RolloutWorker.__init__()[39m (pid=3988, ip=127.0.0.1, repr=<ray.rllib.evaluation.rollout_worker.RolloutWorker object at 0x7f7f9bc11130>)
[36m(RolloutWorker pid=3988)[39m   File "/Users/noah/opt/anaconda3/lib/python3.8/site-packages/ray/rllib/evaluation/rollout_worker.py", line 462, in __init__
[36m(RolloutWorker pid=3988)[39m     _validate_env(self.env, env_context=self.env_context)
[36m(RolloutWorker pid=3988)[39m   File "/Users/noah/opt/anaconda3/lib/python3.8/site-packages/ray/rllib/evaluation/rollout_worker.py", line 1712, in _validate_env
[36m(RolloutWorker pid=3988)[39m     dummy_obs = env.reset()
[36m(RolloutWorker pid=3988)[39m   File "/Users/noah/Desktop/Repositories/ines-autonomous-dispatching/rl/Manhattan_Graph_Environment/gym_graphenv/envs/GraphworldManhattan.py", line 155, in reset
[36m(RolloutWorker pid=3988)[39m     self.learn_graph.add_travel_cost_layer(self.availableTrips(), self.distance_matrix)
[36m(RolloutWorker pid=3988)[39m   File "/Users/noah/Desktop/Repositories/ines-autonomous-dispatching/rl/Manhattan_Graph_Environment/gym_graphenv/envs/GraphworldManhattan.py", line 543, in availableTrips
[36m(RolloutWorker pid=3988)[39m     print('found '+ str(len(list_trips)) +' trips, ' + 'current time: ' + self.time)
[36m(RolloutWorker pid=3988)[39m TypeError: can only concatenate str (not "datetime.datetime") to str