2022-05-16 18:15:25,524 INFO    MainThread:8780 [internal.py:wandb_internal():90] W&B internal server running at pid: 8780, started at: 2022-05-16 18:15:25.524269
2022-05-16 18:15:25,528 INFO    WriterThread:8780 [datastore.py:open_for_write():75] open: /Users/noah/Desktop/Repositories/ines-autonomous-dispatching/wandb/run-20220516_181523-3ggm319x/run-3ggm319x.wandb
2022-05-16 18:15:25,529 DEBUG   SenderThread:8780 [sender.py:send():232] send: header
2022-05-16 18:15:25,530 DEBUG   SenderThread:8780 [sender.py:send():232] send: run
2022-05-16 18:15:27,667 DEBUG   HandlerThread:8780 [handler.py:handle_request():141] handle_request: check_version
2022-05-16 18:15:27,671 INFO    SenderThread:8780 [dir_watcher.py:__init__():197] watching files in: /Users/noah/Desktop/Repositories/ines-autonomous-dispatching/wandb/run-20220516_181523-3ggm319x/files
2022-05-16 18:15:27,671 INFO    SenderThread:8780 [sender.py:_start_run_threads():811] run started: 3ggm319x with start time 1652714123
2022-05-16 18:15:27,671 DEBUG   SenderThread:8780 [sender.py:send():232] send: summary
2022-05-16 18:15:27,673 INFO    SenderThread:8780 [sender.py:_save_file():948] saving file wandb-summary.json with policy end
2022-05-16 18:15:27,673 DEBUG   SenderThread:8780 [sender.py:send_request():246] send_request: check_version
2022-05-16 18:15:27,856 DEBUG   HandlerThread:8780 [handler.py:handle_request():141] handle_request: run_start
2022-05-16 18:15:29,099 INFO    Thread-7  :8780 [dir_watcher.py:_on_file_created():244] file/dir created: /Users/noah/Desktop/Repositories/ines-autonomous-dispatching/wandb/run-20220516_181523-3ggm319x/files/wandb-summary.json
2022-05-16 18:15:31,649 DEBUG   HandlerThread:8780 [meta.py:__init__():35] meta init
2022-05-16 18:15:31,649 DEBUG   HandlerThread:8780 [meta.py:__init__():49] meta init done
2022-05-16 18:15:31,649 DEBUG   HandlerThread:8780 [meta.py:probe():209] probe
2022-05-16 18:15:31,651 DEBUG   HandlerThread:8780 [meta.py:_setup_git():199] setup git
2022-05-16 18:15:31,681 DEBUG   HandlerThread:8780 [meta.py:_setup_git():206] setup git done
2022-05-16 18:15:31,682 DEBUG   HandlerThread:8780 [meta.py:_save_pip():53] save pip
2022-05-16 18:15:31,683 DEBUG   HandlerThread:8780 [meta.py:_save_pip():67] save pip done
2022-05-16 18:15:31,683 DEBUG   HandlerThread:8780 [meta.py:_save_conda():74] save conda
2022-05-16 18:15:32,107 INFO    Thread-7  :8780 [dir_watcher.py:_on_file_created():244] file/dir created: /Users/noah/Desktop/Repositories/ines-autonomous-dispatching/wandb/run-20220516_181523-3ggm319x/files/requirements.txt
2022-05-16 18:15:32,109 INFO    Thread-7  :8780 [dir_watcher.py:_on_file_created():244] file/dir created: /Users/noah/Desktop/Repositories/ines-autonomous-dispatching/wandb/run-20220516_181523-3ggm319x/files/conda-environment.yaml
2022-05-16 18:15:33,107 INFO    Thread-7  :8780 [dir_watcher.py:_on_file_created():244] file/dir created: /Users/noah/Desktop/Repositories/ines-autonomous-dispatching/wandb/run-20220516_181523-3ggm319x/files/output.log
2022-05-16 18:15:37,115 INFO    Thread-7  :8780 [dir_watcher.py:_on_file_modified():257] file/dir modified: /Users/noah/Desktop/Repositories/ines-autonomous-dispatching/wandb/run-20220516_181523-3ggm319x/files/output.log
2022-05-16 18:15:39,120 INFO    Thread-7  :8780 [dir_watcher.py:_on_file_modified():257] file/dir modified: /Users/noah/Desktop/Repositories/ines-autonomous-dispatching/wandb/run-20220516_181523-3ggm319x/files/output.log
2022-05-16 18:15:43,656 DEBUG   HandlerThread:8780 [meta.py:_save_conda():84] save conda done
2022-05-16 18:15:43,656 DEBUG   HandlerThread:8780 [meta.py:probe():247] probe done
2022-05-16 18:15:43,660 DEBUG   HandlerThread:8780 [handler.py:handle_request():141] handle_request: stop_status
2022-05-16 18:15:43,661 DEBUG   SenderThread:8780 [sender.py:send_request():246] send_request: stop_status
2022-05-16 18:15:43,857 DEBUG   SenderThread:8780 [sender.py:send():232] send: telemetry
2022-05-16 18:15:43,858 DEBUG   SenderThread:8780 [sender.py:send():232] send: files
2022-05-16 18:15:43,859 INFO    SenderThread:8780 [sender.py:_save_file():948] saving file wandb-metadata.json with policy now
2022-05-16 18:15:44,137 INFO    Thread-7  :8780 [dir_watcher.py:_on_file_modified():257] file/dir modified: /Users/noah/Desktop/Repositories/ines-autonomous-dispatching/wandb/run-20220516_181523-3ggm319x/files/conda-environment.yaml
2022-05-16 18:15:44,137 INFO    Thread-7  :8780 [dir_watcher.py:_on_file_created():244] file/dir created: /Users/noah/Desktop/Repositories/ines-autonomous-dispatching/wandb/run-20220516_181523-3ggm319x/files/wandb-metadata.json
2022-05-16 18:15:44,521 INFO    Thread-11 :8780 [upload_job.py:push():132] Uploaded file /var/folders/rx/9zbs_8p92hlb0sgdws1plkfm0000gn/T/tmpc81g507lwandb/1yx6fhnm-wandb-metadata.json
2022-05-16 18:15:45,142 INFO    Thread-7  :8780 [dir_watcher.py:_on_file_modified():257] file/dir modified: /Users/noah/Desktop/Repositories/ines-autonomous-dispatching/wandb/run-20220516_181523-3ggm319x/files/output.log
2022-05-16 18:15:52,162 INFO    Thread-7  :8780 [dir_watcher.py:_on_file_modified():257] file/dir modified: /Users/noah/Desktop/Repositories/ines-autonomous-dispatching/wandb/run-20220516_181523-3ggm319x/files/output.log
2022-05-16 18:15:52,873 DEBUG   HandlerThread:8780 [handler.py:handle_request():141] handle_request: stop_status
2022-05-16 18:15:52,874 DEBUG   SenderThread:8780 [sender.py:send_request():246] send_request: stop_status
2022-05-16 18:15:54,168 INFO    Thread-7  :8780 [dir_watcher.py:_on_file_modified():257] file/dir modified: /Users/noah/Desktop/Repositories/ines-autonomous-dispatching/wandb/run-20220516_181523-3ggm319x/files/output.log
2022-05-16 18:15:57,176 INFO    Thread-7  :8780 [dir_watcher.py:_on_file_modified():257] file/dir modified: /Users/noah/Desktop/Repositories/ines-autonomous-dispatching/wandb/run-20220516_181523-3ggm319x/files/config.yaml
2022-05-16 18:16:00,371 DEBUG   SenderThread:8780 [sender.py:send():232] send: stats
2022-05-16 18:16:04,202 INFO    Thread-7  :8780 [dir_watcher.py:_on_file_modified():257] file/dir modified: /Users/noah/Desktop/Repositories/ines-autonomous-dispatching/wandb/run-20220516_181523-3ggm319x/files/output.log
2022-05-16 18:16:06,208 INFO    Thread-7  :8780 [dir_watcher.py:_on_file_modified():257] file/dir modified: /Users/noah/Desktop/Repositories/ines-autonomous-dispatching/wandb/run-20220516_181523-3ggm319x/files/output.log
2022-05-16 18:16:08,076 DEBUG   HandlerThread:8780 [handler.py:handle_request():141] handle_request: stop_status
2022-05-16 18:16:08,077 DEBUG   SenderThread:8780 [sender.py:send_request():246] send_request: stop_status
2022-05-16 18:16:10,220 INFO    Thread-7  :8780 [dir_watcher.py:_on_file_modified():257] file/dir modified: /Users/noah/Desktop/Repositories/ines-autonomous-dispatching/wandb/run-20220516_181523-3ggm319x/files/output.log
2022-05-16 18:16:23,313 DEBUG   HandlerThread:8780 [handler.py:handle_request():141] handle_request: stop_status
2022-05-16 18:16:23,314 DEBUG   SenderThread:8780 [sender.py:send_request():246] send_request: stop_status
2022-05-16 18:16:31,102 DEBUG   SenderThread:8780 [sender.py:send():232] send: stats
2022-05-16 18:16:38,513 DEBUG   HandlerThread:8780 [handler.py:handle_request():141] handle_request: stop_status
2022-05-16 18:16:38,515 DEBUG   SenderThread:8780 [sender.py:send_request():246] send_request: stop_status
2022-05-16 18:16:53,708 DEBUG   HandlerThread:8780 [handler.py:handle_request():141] handle_request: stop_status
2022-05-16 18:16:53,708 DEBUG   SenderThread:8780 [sender.py:send_request():246] send_request: stop_status
2022-05-16 18:17:00,357 INFO    Thread-7  :8780 [dir_watcher.py:_on_file_modified():257] file/dir modified: /Users/noah/Desktop/Repositories/ines-autonomous-dispatching/wandb/run-20220516_181523-3ggm319x/files/output.log
2022-05-16 18:17:01,909 DEBUG   SenderThread:8780 [sender.py:send():232] send: stats
2022-05-16 18:17:02,354 INFO    Thread-7  :8780 [dir_watcher.py:_on_file_modified():257] file/dir modified: /Users/noah/Desktop/Repositories/ines-autonomous-dispatching/wandb/run-20220516_181523-3ggm319x/files/output.log
2022-05-16 18:17:04,363 INFO    Thread-7  :8780 [dir_watcher.py:_on_file_modified():257] file/dir modified: /Users/noah/Desktop/Repositories/ines-autonomous-dispatching/wandb/run-20220516_181523-3ggm319x/files/output.log
2022-05-16 18:17:06,368 INFO    Thread-7  :8780 [dir_watcher.py:_on_file_modified():257] file/dir modified: /Users/noah/Desktop/Repositories/ines-autonomous-dispatching/wandb/run-20220516_181523-3ggm319x/files/output.log
2022-05-16 18:17:08,390 INFO    Thread-7  :8780 [dir_watcher.py:_on_file_modified():257] file/dir modified: /Users/noah/Desktop/Repositories/ines-autonomous-dispatching/wandb/run-20220516_181523-3ggm319x/files/output.log
2022-05-16 18:17:08,919 DEBUG   HandlerThread:8780 [handler.py:handle_request():141] handle_request: stop_status
2022-05-16 18:17:08,921 DEBUG   SenderThread:8780 [sender.py:send_request():246] send_request: stop_status
2022-05-16 18:17:10,401 INFO    Thread-7  :8780 [dir_watcher.py:_on_file_modified():257] file/dir modified: /Users/noah/Desktop/Repositories/ines-autonomous-dispatching/wandb/run-20220516_181523-3ggm319x/files/output.log
2022-05-16 18:17:12,405 INFO    Thread-7  :8780 [dir_watcher.py:_on_file_modified():257] file/dir modified: /Users/noah/Desktop/Repositories/ines-autonomous-dispatching/wandb/run-20220516_181523-3ggm319x/files/output.log
2022-05-16 18:17:14,415 INFO    Thread-7  :8780 [dir_watcher.py:_on_file_modified():257] file/dir modified: /Users/noah/Desktop/Repositories/ines-autonomous-dispatching/wandb/run-20220516_181523-3ggm319x/files/output.log
2022-05-16 18:17:16,428 INFO    Thread-7  :8780 [dir_watcher.py:_on_file_modified():257] file/dir modified: /Users/noah/Desktop/Repositories/ines-autonomous-dispatching/wandb/run-20220516_181523-3ggm319x/files/output.log
2022-05-16 18:17:18,448 INFO    Thread-7  :8780 [dir_watcher.py:_on_file_modified():257] file/dir modified: /Users/noah/Desktop/Repositories/ines-autonomous-dispatching/wandb/run-20220516_181523-3ggm319x/files/output.log
2022-05-16 18:17:20,459 INFO    Thread-7  :8780 [dir_watcher.py:_on_file_modified():257] file/dir modified: /Users/noah/Desktop/Repositories/ines-autonomous-dispatching/wandb/run-20220516_181523-3ggm319x/files/output.log
2022-05-16 18:17:22,477 INFO    Thread-7  :8780 [dir_watcher.py:_on_file_modified():257] file/dir modified: /Users/noah/Desktop/Repositories/ines-autonomous-dispatching/wandb/run-20220516_181523-3ggm319x/files/output.log
2022-05-16 18:17:24,190 DEBUG   HandlerThread:8780 [handler.py:handle_request():141] handle_request: stop_status
2022-05-16 18:17:24,191 DEBUG   SenderThread:8780 [sender.py:send_request():246] send_request: stop_status
2022-05-16 18:17:24,488 INFO    Thread-7  :8780 [dir_watcher.py:_on_file_modified():257] file/dir modified: /Users/noah/Desktop/Repositories/ines-autonomous-dispatching/wandb/run-20220516_181523-3ggm319x/files/output.log
2022-05-16 18:17:26,518 INFO    Thread-7  :8780 [dir_watcher.py:_on_file_modified():257] file/dir modified: /Users/noah/Desktop/Repositories/ines-autonomous-dispatching/wandb/run-20220516_181523-3ggm319x/files/output.log
2022-05-16 18:17:50,039 INFO    Thread-7  :8780 [dir_watcher.py:_on_file_modified():257] file/dir modified: /Users/noah/Desktop/Repositories/ines-autonomous-dispatching/wandb/run-20220516_181523-3ggm319x/files/output.log
2022-05-16 18:17:54,070 INFO    Thread-7  :8780 [dir_watcher.py:_on_file_modified():257] file/dir modified: /Users/noah/Desktop/Repositories/ines-autonomous-dispatching/wandb/run-20220516_181523-3ggm319x/files/output.log
2022-05-16 18:17:56,079 INFO    Thread-7  :8780 [dir_watcher.py:_on_file_modified():257] file/dir modified: /Users/noah/Desktop/Repositories/ines-autonomous-dispatching/wandb/run-20220516_181523-3ggm319x/files/output.log
2022-05-16 18:17:57,597 ERROR   SenderThread:8780 [retry.py:__call__():126] Retry attempt failed:
Traceback (most recent call last):
  File "/Users/noah/opt/anaconda3/lib/python3.8/site-packages/urllib3/connection.py", line 169, in _new_conn
    conn = connection.create_connection(
  File "/Users/noah/opt/anaconda3/lib/python3.8/site-packages/urllib3/util/connection.py", line 73, in create_connection
    for res in socket.getaddrinfo(host, port, family, socket.SOCK_STREAM):
  File "/Users/noah/opt/anaconda3/lib/python3.8/socket.py", line 918, in getaddrinfo
    for res in _socket.getaddrinfo(host, port, family, type, proto, flags):
socket.gaierror: [Errno 8] nodename nor servname provided, or not known

During handling of the above exception, another exception occurred:

Traceback (most recent call last):
  File "/Users/noah/opt/anaconda3/lib/python3.8/site-packages/urllib3/connectionpool.py", line 699, in urlopen
    httplib_response = self._make_request(
  File "/Users/noah/opt/anaconda3/lib/python3.8/site-packages/urllib3/connectionpool.py", line 382, in _make_request
    self._validate_conn(conn)
  File "/Users/noah/opt/anaconda3/lib/python3.8/site-packages/urllib3/connectionpool.py", line 1010, in _validate_conn
    conn.connect()
  File "/Users/noah/opt/anaconda3/lib/python3.8/site-packages/urllib3/connection.py", line 353, in connect
    conn = self._new_conn()
  File "/Users/noah/opt/anaconda3/lib/python3.8/site-packages/urllib3/connection.py", line 181, in _new_conn
    raise NewConnectionError(
urllib3.exceptions.NewConnectionError: <urllib3.connection.HTTPSConnection object at 0x7fcb4b98ebb0>: Failed to establish a new connection: [Errno 8] nodename nor servname provided, or not known

During handling of the above exception, another exception occurred:

Traceback (most recent call last):
  File "/Users/noah/opt/anaconda3/lib/python3.8/site-packages/requests/adapters.py", line 440, in send
    resp = conn.urlopen(
  File "/Users/noah/opt/anaconda3/lib/python3.8/site-packages/urllib3/connectionpool.py", line 755, in urlopen
    retries = retries.increment(
  File "/Users/noah/opt/anaconda3/lib/python3.8/site-packages/urllib3/util/retry.py", line 574, in increment
    raise MaxRetryError(_pool, url, error or ResponseError(cause))
urllib3.exceptions.MaxRetryError: HTTPSConnectionPool(host='api.wandb.ai', port=443): Max retries exceeded with url: /graphql (Caused by NewConnectionError('<urllib3.connection.HTTPSConnection object at 0x7fcb4b98ebb0>: Failed to establish a new connection: [Errno 8] nodename nor servname provided, or not known'))

During handling of the above exception, another exception occurred:

Traceback (most recent call last):
  File "/Users/noah/opt/anaconda3/lib/python3.8/site-packages/wandb/sdk/lib/retry.py", line 102, in __call__
    result = self._call_fn(*args, **kwargs)
  File "/Users/noah/opt/anaconda3/lib/python3.8/site-packages/wandb/sdk/internal/internal_api.py", line 140, in execute
    return self.client.execute(*args, **kwargs)
  File "/Users/noah/opt/anaconda3/lib/python3.8/site-packages/wandb/vendor/gql-0.2.0/wandb_gql/client.py", line 52, in execute
    result = self._get_result(document, *args, **kwargs)
  File "/Users/noah/opt/anaconda3/lib/python3.8/site-packages/wandb/vendor/gql-0.2.0/wandb_gql/client.py", line 60, in _get_result
    return self.transport.execute(document, *args, **kwargs)
  File "/Users/noah/opt/anaconda3/lib/python3.8/site-packages/wandb/vendor/gql-0.2.0/wandb_gql/transport/requests.py", line 38, in execute
    request = requests.post(self.url, **post_args)
  File "/Users/noah/opt/anaconda3/lib/python3.8/site-packages/requests/api.py", line 117, in post
    return request('post', url, data=data, json=json, **kwargs)
  File "/Users/noah/opt/anaconda3/lib/python3.8/site-packages/requests/api.py", line 61, in request
    return session.request(method=method, url=url, **kwargs)
  File "/Users/noah/opt/anaconda3/lib/python3.8/site-packages/requests/sessions.py", line 529, in request
    resp = self.send(prep, **send_kwargs)
  File "/Users/noah/opt/anaconda3/lib/python3.8/site-packages/requests/sessions.py", line 645, in send
    r = adapter.send(request, **kwargs)
  File "/Users/noah/opt/anaconda3/lib/python3.8/site-packages/requests/adapters.py", line 519, in send
    raise ConnectionError(e, request=request)
requests.exceptions.ConnectionError: HTTPSConnectionPool(host='api.wandb.ai', port=443): Max retries exceeded with url: /graphql (Caused by NewConnectionError('<urllib3.connection.HTTPSConnection object at 0x7fcb4b98ebb0>: Failed to establish a new connection: [Errno 8] nodename nor servname provided, or not known'))
2022-05-16 18:17:58,089 INFO    Thread-7  :8780 [dir_watcher.py:_on_file_modified():257] file/dir modified: /Users/noah/Desktop/Repositories/ines-autonomous-dispatching/wandb/run-20220516_181523-3ggm319x/files/output.log
2022-05-16 18:18:00,102 INFO    Thread-7  :8780 [dir_watcher.py:_on_file_modified():257] file/dir modified: /Users/noah/Desktop/Repositories/ines-autonomous-dispatching/wandb/run-20220516_181523-3ggm319x/files/output.log
2022-05-16 18:18:03,063 DEBUG   SenderThread:8780 [sender.py:send():232] send: stats
2022-05-16 18:18:03,191 INFO    Thread-7  :8780 [dir_watcher.py:_on_file_modified():257] file/dir modified: /Users/noah/Desktop/Repositories/ines-autonomous-dispatching/wandb/run-20220516_181523-3ggm319x/files/output.log
2022-05-16 18:18:05,199 INFO    Thread-7  :8780 [dir_watcher.py:_on_file_modified():257] file/dir modified: /Users/noah/Desktop/Repositories/ines-autonomous-dispatching/wandb/run-20220516_181523-3ggm319x/files/output.log
2022-05-16 18:18:05,622 DEBUG   HandlerThread:8780 [handler.py:handle_request():141] handle_request: stop_status
2022-05-16 18:18:05,622 DEBUG   SenderThread:8780 [sender.py:send_request():246] send_request: stop_status
2022-05-16 18:18:07,211 INFO    Thread-7  :8780 [dir_watcher.py:_on_file_modified():257] file/dir modified: /Users/noah/Desktop/Repositories/ines-autonomous-dispatching/wandb/run-20220516_181523-3ggm319x/files/output.log
2022-05-16 18:18:09,215 INFO    Thread-7  :8780 [dir_watcher.py:_on_file_modified():257] file/dir modified: /Users/noah/Desktop/Repositories/ines-autonomous-dispatching/wandb/run-20220516_181523-3ggm319x/files/output.log
2022-05-16 18:18:11,223 INFO    Thread-7  :8780 [dir_watcher.py:_on_file_modified():257] file/dir modified: /Users/noah/Desktop/Repositories/ines-autonomous-dispatching/wandb/run-20220516_181523-3ggm319x/files/output.log
2022-05-16 18:18:13,230 INFO    Thread-7  :8780 [dir_watcher.py:_on_file_modified():257] file/dir modified: /Users/noah/Desktop/Repositories/ines-autonomous-dispatching/wandb/run-20220516_181523-3ggm319x/files/output.log
2022-05-16 18:18:15,232 INFO    Thread-7  :8780 [dir_watcher.py:_on_file_modified():257] file/dir modified: /Users/noah/Desktop/Repositories/ines-autonomous-dispatching/wandb/run-20220516_181523-3ggm319x/files/output.log
2022-05-16 18:18:17,241 INFO    Thread-7  :8780 [dir_watcher.py:_on_file_modified():257] file/dir modified: /Users/noah/Desktop/Repositories/ines-autonomous-dispatching/wandb/run-20220516_181523-3ggm319x/files/output.log
2022-05-16 18:18:19,249 INFO    Thread-7  :8780 [dir_watcher.py:_on_file_modified():257] file/dir modified: /Users/noah/Desktop/Repositories/ines-autonomous-dispatching/wandb/run-20220516_181523-3ggm319x/files/output.log
2022-05-16 18:18:20,814 DEBUG   HandlerThread:8780 [handler.py:handle_request():141] handle_request: stop_status
2022-05-16 18:18:20,815 DEBUG   SenderThread:8780 [sender.py:send_request():246] send_request: stop_status
2022-05-16 18:18:21,260 INFO    Thread-7  :8780 [dir_watcher.py:_on_file_modified():257] file/dir modified: /Users/noah/Desktop/Repositories/ines-autonomous-dispatching/wandb/run-20220516_181523-3ggm319x/files/output.log
2022-05-16 18:18:23,266 INFO    Thread-7  :8780 [dir_watcher.py:_on_file_modified():257] file/dir modified: /Users/noah/Desktop/Repositories/ines-autonomous-dispatching/wandb/run-20220516_181523-3ggm319x/files/output.log
2022-05-16 18:18:25,277 INFO    Thread-7  :8780 [dir_watcher.py:_on_file_modified():257] file/dir modified: /Users/noah/Desktop/Repositories/ines-autonomous-dispatching/wandb/run-20220516_181523-3ggm319x/files/output.log
2022-05-16 18:18:27,286 INFO    Thread-7  :8780 [dir_watcher.py:_on_file_modified():257] file/dir modified: /Users/noah/Desktop/Repositories/ines-autonomous-dispatching/wandb/run-20220516_181523-3ggm319x/files/output.log
2022-05-16 18:18:27,526 DEBUG   SenderThread:8780 [sender.py:send():232] send: stats
2022-05-16 18:18:29,296 INFO    Thread-7  :8780 [dir_watcher.py:_on_file_modified():257] file/dir modified: /Users/noah/Desktop/Repositories/ines-autonomous-dispatching/wandb/run-20220516_181523-3ggm319x/files/output.log
2022-05-16 18:18:31,305 INFO    Thread-7  :8780 [dir_watcher.py:_on_file_modified():257] file/dir modified: /Users/noah/Desktop/Repositories/ines-autonomous-dispatching/wandb/run-20220516_181523-3ggm319x/files/output.log
2022-05-16 18:18:33,316 INFO    Thread-7  :8780 [dir_watcher.py:_on_file_modified():257] file/dir modified: /Users/noah/Desktop/Repositories/ines-autonomous-dispatching/wandb/run-20220516_181523-3ggm319x/files/output.log
2022-05-16 18:18:35,321 INFO    Thread-7  :8780 [dir_watcher.py:_on_file_modified():257] file/dir modified: /Users/noah/Desktop/Repositories/ines-autonomous-dispatching/wandb/run-20220516_181523-3ggm319x/files/output.log
2022-05-16 18:18:36,058 DEBUG   HandlerThread:8780 [handler.py:handle_request():141] handle_request: stop_status
2022-05-16 18:18:36,058 DEBUG   SenderThread:8780 [sender.py:send_request():246] send_request: stop_status
2022-05-16 18:18:37,334 INFO    Thread-7  :8780 [dir_watcher.py:_on_file_modified():257] file/dir modified: /Users/noah/Desktop/Repositories/ines-autonomous-dispatching/wandb/run-20220516_181523-3ggm319x/files/output.log
2022-05-16 18:18:39,339 INFO    Thread-7  :8780 [dir_watcher.py:_on_file_modified():257] file/dir modified: /Users/noah/Desktop/Repositories/ines-autonomous-dispatching/wandb/run-20220516_181523-3ggm319x/files/output.log
2022-05-16 18:18:41,345 INFO    Thread-7  :8780 [dir_watcher.py:_on_file_modified():257] file/dir modified: /Users/noah/Desktop/Repositories/ines-autonomous-dispatching/wandb/run-20220516_181523-3ggm319x/files/output.log
2022-05-16 18:18:43,348 INFO    Thread-7  :8780 [dir_watcher.py:_on_file_modified():257] file/dir modified: /Users/noah/Desktop/Repositories/ines-autonomous-dispatching/wandb/run-20220516_181523-3ggm319x/files/output.log
2022-05-16 18:18:45,360 INFO    Thread-7  :8780 [dir_watcher.py:_on_file_modified():257] file/dir modified: /Users/noah/Desktop/Repositories/ines-autonomous-dispatching/wandb/run-20220516_181523-3ggm319x/files/output.log
2022-05-16 18:18:47,361 INFO    Thread-7  :8780 [dir_watcher.py:_on_file_modified():257] file/dir modified: /Users/noah/Desktop/Repositories/ines-autonomous-dispatching/wandb/run-20220516_181523-3ggm319x/files/output.log
2022-05-16 18:18:49,368 INFO    Thread-7  :8780 [dir_watcher.py:_on_file_modified():257] file/dir modified: /Users/noah/Desktop/Repositories/ines-autonomous-dispatching/wandb/run-20220516_181523-3ggm319x/files/output.log
2022-05-16 18:18:51,252 DEBUG   HandlerThread:8780 [handler.py:handle_request():141] handle_request: stop_status
2022-05-16 18:18:51,253 DEBUG   SenderThread:8780 [sender.py:send_request():246] send_request: stop_status
2022-05-16 18:18:51,378 INFO    Thread-7  :8780 [dir_watcher.py:_on_file_modified():257] file/dir modified: /Users/noah/Desktop/Repositories/ines-autonomous-dispatching/wandb/run-20220516_181523-3ggm319x/files/output.log
2022-05-16 18:18:53,389 INFO    Thread-7  :8780 [dir_watcher.py:_on_file_modified():257] file/dir modified: /Users/noah/Desktop/Repositories/ines-autonomous-dispatching/wandb/run-20220516_181523-3ggm319x/files/output.log
2022-05-16 18:18:55,395 INFO    Thread-7  :8780 [dir_watcher.py:_on_file_modified():257] file/dir modified: /Users/noah/Desktop/Repositories/ines-autonomous-dispatching/wandb/run-20220516_181523-3ggm319x/files/output.log
2022-05-16 18:18:57,399 INFO    Thread-7  :8780 [dir_watcher.py:_on_file_modified():257] file/dir modified: /Users/noah/Desktop/Repositories/ines-autonomous-dispatching/wandb/run-20220516_181523-3ggm319x/files/output.log
2022-05-16 18:18:58,470 DEBUG   SenderThread:8780 [sender.py:send():232] send: stats
2022-05-16 18:18:59,401 INFO    Thread-7  :8780 [dir_watcher.py:_on_file_modified():257] file/dir modified: /Users/noah/Desktop/Repositories/ines-autonomous-dispatching/wandb/run-20220516_181523-3ggm319x/files/output.log
2022-05-16 18:19:01,428 INFO    Thread-7  :8780 [dir_watcher.py:_on_file_modified():257] file/dir modified: /Users/noah/Desktop/Repositories/ines-autonomous-dispatching/wandb/run-20220516_181523-3ggm319x/files/output.log
2022-05-16 18:19:03,434 INFO    Thread-7  :8780 [dir_watcher.py:_on_file_modified():257] file/dir modified: /Users/noah/Desktop/Repositories/ines-autonomous-dispatching/wandb/run-20220516_181523-3ggm319x/files/output.log
2022-05-16 18:19:05,437 INFO    Thread-7  :8780 [dir_watcher.py:_on_file_modified():257] file/dir modified: /Users/noah/Desktop/Repositories/ines-autonomous-dispatching/wandb/run-20220516_181523-3ggm319x/files/output.log
2022-05-16 18:19:06,441 DEBUG   HandlerThread:8780 [handler.py:handle_request():141] handle_request: stop_status
2022-05-16 18:19:06,442 DEBUG   SenderThread:8780 [sender.py:send_request():246] send_request: stop_status
2022-05-16 18:19:07,445 INFO    Thread-7  :8780 [dir_watcher.py:_on_file_modified():257] file/dir modified: /Users/noah/Desktop/Repositories/ines-autonomous-dispatching/wandb/run-20220516_181523-3ggm319x/files/output.log
2022-05-16 18:19:09,456 INFO    Thread-7  :8780 [dir_watcher.py:_on_file_modified():257] file/dir modified: /Users/noah/Desktop/Repositories/ines-autonomous-dispatching/wandb/run-20220516_181523-3ggm319x/files/output.log
2022-05-16 18:19:11,466 INFO    Thread-7  :8780 [dir_watcher.py:_on_file_modified():257] file/dir modified: /Users/noah/Desktop/Repositories/ines-autonomous-dispatching/wandb/run-20220516_181523-3ggm319x/files/output.log
2022-05-16 18:19:13,471 INFO    Thread-7  :8780 [dir_watcher.py:_on_file_modified():257] file/dir modified: /Users/noah/Desktop/Repositories/ines-autonomous-dispatching/wandb/run-20220516_181523-3ggm319x/files/output.log
2022-05-16 18:19:15,478 INFO    Thread-7  :8780 [dir_watcher.py:_on_file_modified():257] file/dir modified: /Users/noah/Desktop/Repositories/ines-autonomous-dispatching/wandb/run-20220516_181523-3ggm319x/files/output.log
2022-05-16 18:19:17,485 INFO    Thread-7  :8780 [dir_watcher.py:_on_file_modified():257] file/dir modified: /Users/noah/Desktop/Repositories/ines-autonomous-dispatching/wandb/run-20220516_181523-3ggm319x/files/output.log
2022-05-16 18:19:19,492 INFO    Thread-7  :8780 [dir_watcher.py:_on_file_modified():257] file/dir modified: /Users/noah/Desktop/Repositories/ines-autonomous-dispatching/wandb/run-20220516_181523-3ggm319x/files/output.log
2022-05-16 18:19:21,497 INFO    Thread-7  :8780 [dir_watcher.py:_on_file_modified():257] file/dir modified: /Users/noah/Desktop/Repositories/ines-autonomous-dispatching/wandb/run-20220516_181523-3ggm319x/files/output.log
2022-05-16 18:19:21,905 DEBUG   HandlerThread:8780 [handler.py:handle_request():141] handle_request: stop_status
2022-05-16 18:19:21,906 DEBUG   SenderThread:8780 [sender.py:send_request():246] send_request: stop_status
2022-05-16 18:19:23,498 INFO    Thread-7  :8780 [dir_watcher.py:_on_file_modified():257] file/dir modified: /Users/noah/Desktop/Repositories/ines-autonomous-dispatching/wandb/run-20220516_181523-3ggm319x/files/output.log
2022-05-16 18:19:25,506 INFO    Thread-7  :8780 [dir_watcher.py:_on_file_modified():257] file/dir modified: /Users/noah/Desktop/Repositories/ines-autonomous-dispatching/wandb/run-20220516_181523-3ggm319x/files/output.log
2022-05-16 18:19:27,515 INFO    Thread-7  :8780 [dir_watcher.py:_on_file_modified():257] file/dir modified: /Users/noah/Desktop/Repositories/ines-autonomous-dispatching/wandb/run-20220516_181523-3ggm319x/files/output.log
2022-05-16 18:19:29,524 INFO    Thread-7  :8780 [dir_watcher.py:_on_file_modified():257] file/dir modified: /Users/noah/Desktop/Repositories/ines-autonomous-dispatching/wandb/run-20220516_181523-3ggm319x/files/output.log
2022-05-16 18:19:29,530 DEBUG   SenderThread:8780 [sender.py:send():232] send: stats
2022-05-16 18:19:31,526 INFO    Thread-7  :8780 [dir_watcher.py:_on_file_modified():257] file/dir modified: /Users/noah/Desktop/Repositories/ines-autonomous-dispatching/wandb/run-20220516_181523-3ggm319x/files/output.log
2022-05-16 18:19:33,529 INFO    Thread-7  :8780 [dir_watcher.py:_on_file_modified():257] file/dir modified: /Users/noah/Desktop/Repositories/ines-autonomous-dispatching/wandb/run-20220516_181523-3ggm319x/files/output.log
2022-05-16 18:19:35,538 INFO    Thread-7  :8780 [dir_watcher.py:_on_file_modified():257] file/dir modified: /Users/noah/Desktop/Repositories/ines-autonomous-dispatching/wandb/run-20220516_181523-3ggm319x/files/output.log
2022-05-16 18:19:37,138 DEBUG   HandlerThread:8780 [handler.py:handle_request():141] handle_request: stop_status
2022-05-16 18:19:37,138 DEBUG   SenderThread:8780 [sender.py:send_request():246] send_request: stop_status
2022-05-16 18:19:37,546 INFO    Thread-7  :8780 [dir_watcher.py:_on_file_modified():257] file/dir modified: /Users/noah/Desktop/Repositories/ines-autonomous-dispatching/wandb/run-20220516_181523-3ggm319x/files/output.log
2022-05-16 18:19:39,552 INFO    Thread-7  :8780 [dir_watcher.py:_on_file_modified():257] file/dir modified: /Users/noah/Desktop/Repositories/ines-autonomous-dispatching/wandb/run-20220516_181523-3ggm319x/files/output.log
2022-05-16 18:19:41,558 INFO    Thread-7  :8780 [dir_watcher.py:_on_file_modified():257] file/dir modified: /Users/noah/Desktop/Repositories/ines-autonomous-dispatching/wandb/run-20220516_181523-3ggm319x/files/output.log
2022-05-16 18:19:43,567 INFO    Thread-7  :8780 [dir_watcher.py:_on_file_modified():257] file/dir modified: /Users/noah/Desktop/Repositories/ines-autonomous-dispatching/wandb/run-20220516_181523-3ggm319x/files/output.log
2022-05-16 18:19:45,576 INFO    Thread-7  :8780 [dir_watcher.py:_on_file_modified():257] file/dir modified: /Users/noah/Desktop/Repositories/ines-autonomous-dispatching/wandb/run-20220516_181523-3ggm319x/files/output.log
2022-05-16 18:19:47,582 INFO    Thread-7  :8780 [dir_watcher.py:_on_file_modified():257] file/dir modified: /Users/noah/Desktop/Repositories/ines-autonomous-dispatching/wandb/run-20220516_181523-3ggm319x/files/output.log
2022-05-16 18:19:49,589 INFO    Thread-7  :8780 [dir_watcher.py:_on_file_modified():257] file/dir modified: /Users/noah/Desktop/Repositories/ines-autonomous-dispatching/wandb/run-20220516_181523-3ggm319x/files/output.log
2022-05-16 18:19:51,597 INFO    Thread-7  :8780 [dir_watcher.py:_on_file_modified():257] file/dir modified: /Users/noah/Desktop/Repositories/ines-autonomous-dispatching/wandb/run-20220516_181523-3ggm319x/files/output.log
2022-05-16 18:19:52,347 DEBUG   HandlerThread:8780 [handler.py:handle_request():141] handle_request: stop_status
2022-05-16 18:19:52,347 DEBUG   SenderThread:8780 [sender.py:send_request():246] send_request: stop_status
2022-05-16 18:19:53,610 INFO    Thread-7  :8780 [dir_watcher.py:_on_file_modified():257] file/dir modified: /Users/noah/Desktop/Repositories/ines-autonomous-dispatching/wandb/run-20220516_181523-3ggm319x/files/output.log
2022-05-16 18:19:56,622 INFO    Thread-7  :8780 [dir_watcher.py:_on_file_modified():257] file/dir modified: /Users/noah/Desktop/Repositories/ines-autonomous-dispatching/wandb/run-20220516_181523-3ggm319x/files/output.log
2022-05-16 18:19:58,624 INFO    Thread-7  :8780 [dir_watcher.py:_on_file_modified():257] file/dir modified: /Users/noah/Desktop/Repositories/ines-autonomous-dispatching/wandb/run-20220516_181523-3ggm319x/files/output.log
2022-05-16 18:20:00,440 DEBUG   SenderThread:8780 [sender.py:send():232] send: stats
2022-05-16 18:20:00,631 INFO    Thread-7  :8780 [dir_watcher.py:_on_file_modified():257] file/dir modified: /Users/noah/Desktop/Repositories/ines-autonomous-dispatching/wandb/run-20220516_181523-3ggm319x/files/output.log
2022-05-16 18:20:02,635 INFO    Thread-7  :8780 [dir_watcher.py:_on_file_modified():257] file/dir modified: /Users/noah/Desktop/Repositories/ines-autonomous-dispatching/wandb/run-20220516_181523-3ggm319x/files/output.log
2022-05-16 18:20:04,647 INFO    Thread-7  :8780 [dir_watcher.py:_on_file_modified():257] file/dir modified: /Users/noah/Desktop/Repositories/ines-autonomous-dispatching/wandb/run-20220516_181523-3ggm319x/files/output.log
2022-05-16 18:20:06,659 INFO    Thread-7  :8780 [dir_watcher.py:_on_file_modified():257] file/dir modified: /Users/noah/Desktop/Repositories/ines-autonomous-dispatching/wandb/run-20220516_181523-3ggm319x/files/output.log
2022-05-16 18:20:07,597 DEBUG   HandlerThread:8780 [handler.py:handle_request():141] handle_request: stop_status
2022-05-16 18:20:07,598 DEBUG   SenderThread:8780 [sender.py:send_request():246] send_request: stop_status
2022-05-16 18:20:08,665 INFO    Thread-7  :8780 [dir_watcher.py:_on_file_modified():257] file/dir modified: /Users/noah/Desktop/Repositories/ines-autonomous-dispatching/wandb/run-20220516_181523-3ggm319x/files/output.log
2022-05-16 18:20:10,670 INFO    Thread-7  :8780 [dir_watcher.py:_on_file_modified():257] file/dir modified: /Users/noah/Desktop/Repositories/ines-autonomous-dispatching/wandb/run-20220516_181523-3ggm319x/files/output.log
2022-05-16 18:20:12,675 INFO    Thread-7  :8780 [dir_watcher.py:_on_file_modified():257] file/dir modified: /Users/noah/Desktop/Repositories/ines-autonomous-dispatching/wandb/run-20220516_181523-3ggm319x/files/output.log
2022-05-16 18:20:14,683 INFO    Thread-7  :8780 [dir_watcher.py:_on_file_modified():257] file/dir modified: /Users/noah/Desktop/Repositories/ines-autonomous-dispatching/wandb/run-20220516_181523-3ggm319x/files/output.log
2022-05-16 18:20:16,687 INFO    Thread-7  :8780 [dir_watcher.py:_on_file_modified():257] file/dir modified: /Users/noah/Desktop/Repositories/ines-autonomous-dispatching/wandb/run-20220516_181523-3ggm319x/files/output.log
2022-05-16 18:20:18,693 INFO    Thread-7  :8780 [dir_watcher.py:_on_file_modified():257] file/dir modified: /Users/noah/Desktop/Repositories/ines-autonomous-dispatching/wandb/run-20220516_181523-3ggm319x/files/output.log
2022-05-16 18:20:20,698 INFO    Thread-7  :8780 [dir_watcher.py:_on_file_modified():257] file/dir modified: /Users/noah/Desktop/Repositories/ines-autonomous-dispatching/wandb/run-20220516_181523-3ggm319x/files/output.log
2022-05-16 18:20:22,704 INFO    Thread-7  :8780 [dir_watcher.py:_on_file_modified():257] file/dir modified: /Users/noah/Desktop/Repositories/ines-autonomous-dispatching/wandb/run-20220516_181523-3ggm319x/files/output.log
2022-05-16 18:20:22,797 DEBUG   HandlerThread:8780 [handler.py:handle_request():141] handle_request: stop_status
2022-05-16 18:20:22,797 DEBUG   SenderThread:8780 [sender.py:send_request():246] send_request: stop_status
2022-05-16 18:20:24,707 INFO    Thread-7  :8780 [dir_watcher.py:_on_file_modified():257] file/dir modified: /Users/noah/Desktop/Repositories/ines-autonomous-dispatching/wandb/run-20220516_181523-3ggm319x/files/output.log
2022-05-16 18:20:26,713 INFO    Thread-7  :8780 [dir_watcher.py:_on_file_modified():257] file/dir modified: /Users/noah/Desktop/Repositories/ines-autonomous-dispatching/wandb/run-20220516_181523-3ggm319x/files/output.log
2022-05-16 18:20:28,732 INFO    Thread-7  :8780 [dir_watcher.py:_on_file_modified():257] file/dir modified: /Users/noah/Desktop/Repositories/ines-autonomous-dispatching/wandb/run-20220516_181523-3ggm319x/files/output.log
2022-05-16 18:20:30,738 INFO    Thread-7  :8780 [dir_watcher.py:_on_file_modified():257] file/dir modified: /Users/noah/Desktop/Repositories/ines-autonomous-dispatching/wandb/run-20220516_181523-3ggm319x/files/output.log
2022-05-16 18:20:31,328 DEBUG   SenderThread:8780 [sender.py:send():232] send: stats
2022-05-16 18:20:32,743 INFO    Thread-7  :8780 [dir_watcher.py:_on_file_modified():257] file/dir modified: /Users/noah/Desktop/Repositories/ines-autonomous-dispatching/wandb/run-20220516_181523-3ggm319x/files/output.log
2022-05-16 18:20:34,752 INFO    Thread-7  :8780 [dir_watcher.py:_on_file_modified():257] file/dir modified: /Users/noah/Desktop/Repositories/ines-autonomous-dispatching/wandb/run-20220516_181523-3ggm319x/files/output.log
2022-05-16 18:20:36,756 INFO    Thread-7  :8780 [dir_watcher.py:_on_file_modified():257] file/dir modified: /Users/noah/Desktop/Repositories/ines-autonomous-dispatching/wandb/run-20220516_181523-3ggm319x/files/output.log
2022-05-16 18:20:37,994 DEBUG   HandlerThread:8780 [handler.py:handle_request():141] handle_request: stop_status
2022-05-16 18:20:37,994 DEBUG   SenderThread:8780 [sender.py:send_request():246] send_request: stop_status
2022-05-16 18:20:38,764 INFO    Thread-7  :8780 [dir_watcher.py:_on_file_modified():257] file/dir modified: /Users/noah/Desktop/Repositories/ines-autonomous-dispatching/wandb/run-20220516_181523-3ggm319x/files/output.log
2022-05-16 18:20:40,769 INFO    Thread-7  :8780 [dir_watcher.py:_on_file_modified():257] file/dir modified: /Users/noah/Desktop/Repositories/ines-autonomous-dispatching/wandb/run-20220516_181523-3ggm319x/files/output.log
2022-05-16 18:20:42,774 INFO    Thread-7  :8780 [dir_watcher.py:_on_file_modified():257] file/dir modified: /Users/noah/Desktop/Repositories/ines-autonomous-dispatching/wandb/run-20220516_181523-3ggm319x/files/output.log
2022-05-16 18:20:44,776 INFO    Thread-7  :8780 [dir_watcher.py:_on_file_modified():257] file/dir modified: /Users/noah/Desktop/Repositories/ines-autonomous-dispatching/wandb/run-20220516_181523-3ggm319x/files/output.log
2022-05-16 18:20:46,779 INFO    Thread-7  :8780 [dir_watcher.py:_on_file_modified():257] file/dir modified: /Users/noah/Desktop/Repositories/ines-autonomous-dispatching/wandb/run-20220516_181523-3ggm319x/files/output.log
2022-05-16 18:20:48,782 INFO    Thread-7  :8780 [dir_watcher.py:_on_file_modified():257] file/dir modified: /Users/noah/Desktop/Repositories/ines-autonomous-dispatching/wandb/run-20220516_181523-3ggm319x/files/output.log
2022-05-16 18:20:51,361 INFO    Thread-7  :8780 [dir_watcher.py:_on_file_modified():257] file/dir modified: /Users/noah/Desktop/Repositories/ines-autonomous-dispatching/wandb/run-20220516_181523-3ggm319x/files/output.log
2022-05-16 18:20:53,189 DEBUG   HandlerThread:8780 [handler.py:handle_request():141] handle_request: stop_status
2022-05-16 18:20:53,189 DEBUG   SenderThread:8780 [sender.py:send_request():246] send_request: stop_status
2022-05-16 18:20:54,373 INFO    Thread-7  :8780 [dir_watcher.py:_on_file_modified():257] file/dir modified: /Users/noah/Desktop/Repositories/ines-autonomous-dispatching/wandb/run-20220516_181523-3ggm319x/files/output.log
2022-05-16 18:20:56,381 INFO    Thread-7  :8780 [dir_watcher.py:_on_file_modified():257] file/dir modified: /Users/noah/Desktop/Repositories/ines-autonomous-dispatching/wandb/run-20220516_181523-3ggm319x/files/output.log
2022-05-16 18:20:58,388 INFO    Thread-7  :8780 [dir_watcher.py:_on_file_modified():257] file/dir modified: /Users/noah/Desktop/Repositories/ines-autonomous-dispatching/wandb/run-20220516_181523-3ggm319x/files/output.log
2022-05-16 18:21:00,395 INFO    Thread-7  :8780 [dir_watcher.py:_on_file_modified():257] file/dir modified: /Users/noah/Desktop/Repositories/ines-autonomous-dispatching/wandb/run-20220516_181523-3ggm319x/files/output.log
2022-05-16 18:21:02,221 DEBUG   SenderThread:8780 [sender.py:send():232] send: stats
2022-05-16 18:21:02,402 INFO    Thread-7  :8780 [dir_watcher.py:_on_file_modified():257] file/dir modified: /Users/noah/Desktop/Repositories/ines-autonomous-dispatching/wandb/run-20220516_181523-3ggm319x/files/output.log
2022-05-16 18:21:04,405 INFO    Thread-7  :8780 [dir_watcher.py:_on_file_modified():257] file/dir modified: /Users/noah/Desktop/Repositories/ines-autonomous-dispatching/wandb/run-20220516_181523-3ggm319x/files/output.log
2022-05-16 18:21:06,415 INFO    Thread-7  :8780 [dir_watcher.py:_on_file_modified():257] file/dir modified: /Users/noah/Desktop/Repositories/ines-autonomous-dispatching/wandb/run-20220516_181523-3ggm319x/files/output.log
2022-05-16 18:21:08,421 INFO    Thread-7  :8780 [dir_watcher.py:_on_file_modified():257] file/dir modified: /Users/noah/Desktop/Repositories/ines-autonomous-dispatching/wandb/run-20220516_181523-3ggm319x/files/output.log
2022-05-16 18:21:08,434 DEBUG   HandlerThread:8780 [handler.py:handle_request():141] handle_request: stop_status
2022-05-16 18:21:08,434 DEBUG   SenderThread:8780 [sender.py:send_request():246] send_request: stop_status
2022-05-16 18:21:10,426 INFO    Thread-7  :8780 [dir_watcher.py:_on_file_modified():257] file/dir modified: /Users/noah/Desktop/Repositories/ines-autonomous-dispatching/wandb/run-20220516_181523-3ggm319x/files/output.log
2022-05-16 18:21:12,433 INFO    Thread-7  :8780 [dir_watcher.py:_on_file_modified():257] file/dir modified: /Users/noah/Desktop/Repositories/ines-autonomous-dispatching/wandb/run-20220516_181523-3ggm319x/files/output.log
2022-05-16 18:21:14,440 INFO    Thread-7  :8780 [dir_watcher.py:_on_file_modified():257] file/dir modified: /Users/noah/Desktop/Repositories/ines-autonomous-dispatching/wandb/run-20220516_181523-3ggm319x/files/output.log
2022-05-16 18:21:16,441 INFO    Thread-7  :8780 [dir_watcher.py:_on_file_modified():257] file/dir modified: /Users/noah/Desktop/Repositories/ines-autonomous-dispatching/wandb/run-20220516_181523-3ggm319x/files/output.log
2022-05-16 18:21:18,444 INFO    Thread-7  :8780 [dir_watcher.py:_on_file_modified():257] file/dir modified: /Users/noah/Desktop/Repositories/ines-autonomous-dispatching/wandb/run-20220516_181523-3ggm319x/files/output.log
2022-05-16 18:21:20,456 INFO    Thread-7  :8780 [dir_watcher.py:_on_file_modified():257] file/dir modified: /Users/noah/Desktop/Repositories/ines-autonomous-dispatching/wandb/run-20220516_181523-3ggm319x/files/output.log
2022-05-16 18:21:22,459 INFO    Thread-7  :8780 [dir_watcher.py:_on_file_modified():257] file/dir modified: /Users/noah/Desktop/Repositories/ines-autonomous-dispatching/wandb/run-20220516_181523-3ggm319x/files/output.log
2022-05-16 18:21:23,626 DEBUG   HandlerThread:8780 [handler.py:handle_request():141] handle_request: stop_status
2022-05-16 18:21:23,627 DEBUG   SenderThread:8780 [sender.py:send_request():246] send_request: stop_status
2022-05-16 18:21:24,466 INFO    Thread-7  :8780 [dir_watcher.py:_on_file_modified():257] file/dir modified: /Users/noah/Desktop/Repositories/ines-autonomous-dispatching/wandb/run-20220516_181523-3ggm319x/files/output.log
2022-05-16 18:21:26,475 INFO    Thread-7  :8780 [dir_watcher.py:_on_file_modified():257] file/dir modified: /Users/noah/Desktop/Repositories/ines-autonomous-dispatching/wandb/run-20220516_181523-3ggm319x/files/output.log
2022-05-16 18:21:28,482 INFO    Thread-7  :8780 [dir_watcher.py:_on_file_modified():257] file/dir modified: /Users/noah/Desktop/Repositories/ines-autonomous-dispatching/wandb/run-20220516_181523-3ggm319x/files/output.log
2022-05-16 18:21:30,490 INFO    Thread-7  :8780 [dir_watcher.py:_on_file_modified():257] file/dir modified: /Users/noah/Desktop/Repositories/ines-autonomous-dispatching/wandb/run-20220516_181523-3ggm319x/files/output.log
2022-05-16 18:21:32,495 INFO    Thread-7  :8780 [dir_watcher.py:_on_file_modified():257] file/dir modified: /Users/noah/Desktop/Repositories/ines-autonomous-dispatching/wandb/run-20220516_181523-3ggm319x/files/output.log
2022-05-16 18:21:33,068 DEBUG   SenderThread:8780 [sender.py:send():232] send: stats
2022-05-16 18:21:34,500 INFO    Thread-7  :8780 [dir_watcher.py:_on_file_modified():257] file/dir modified: /Users/noah/Desktop/Repositories/ines-autonomous-dispatching/wandb/run-20220516_181523-3ggm319x/files/output.log
2022-05-16 18:21:36,503 INFO    Thread-7  :8780 [dir_watcher.py:_on_file_modified():257] file/dir modified: /Users/noah/Desktop/Repositories/ines-autonomous-dispatching/wandb/run-20220516_181523-3ggm319x/files/output.log
2022-05-16 18:21:38,505 INFO    Thread-7  :8780 [dir_watcher.py:_on_file_modified():257] file/dir modified: /Users/noah/Desktop/Repositories/ines-autonomous-dispatching/wandb/run-20220516_181523-3ggm319x/files/output.log
2022-05-16 18:21:38,831 DEBUG   HandlerThread:8780 [handler.py:handle_request():141] handle_request: stop_status
2022-05-16 18:21:38,831 DEBUG   SenderThread:8780 [sender.py:send_request():246] send_request: stop_status
2022-05-16 18:21:40,507 INFO    Thread-7  :8780 [dir_watcher.py:_on_file_modified():257] file/dir modified: /Users/noah/Desktop/Repositories/ines-autonomous-dispatching/wandb/run-20220516_181523-3ggm319x/files/output.log
2022-05-16 18:21:42,515 INFO    Thread-7  :8780 [dir_watcher.py:_on_file_modified():257] file/dir modified: /Users/noah/Desktop/Repositories/ines-autonomous-dispatching/wandb/run-20220516_181523-3ggm319x/files/output.log
2022-05-16 18:21:44,518 INFO    Thread-7  :8780 [dir_watcher.py:_on_file_modified():257] file/dir modified: /Users/noah/Desktop/Repositories/ines-autonomous-dispatching/wandb/run-20220516_181523-3ggm319x/files/output.log
2022-05-16 18:21:46,520 INFO    Thread-7  :8780 [dir_watcher.py:_on_file_modified():257] file/dir modified: /Users/noah/Desktop/Repositories/ines-autonomous-dispatching/wandb/run-20220516_181523-3ggm319x/files/output.log
2022-05-16 18:21:48,527 INFO    Thread-7  :8780 [dir_watcher.py:_on_file_modified():257] file/dir modified: /Users/noah/Desktop/Repositories/ines-autonomous-dispatching/wandb/run-20220516_181523-3ggm319x/files/output.log
2022-05-16 18:21:50,535 INFO    Thread-7  :8780 [dir_watcher.py:_on_file_modified():257] file/dir modified: /Users/noah/Desktop/Repositories/ines-autonomous-dispatching/wandb/run-20220516_181523-3ggm319x/files/output.log
2022-05-16 18:21:52,542 INFO    Thread-7  :8780 [dir_watcher.py:_on_file_modified():257] file/dir modified: /Users/noah/Desktop/Repositories/ines-autonomous-dispatching/wandb/run-20220516_181523-3ggm319x/files/output.log
2022-05-16 18:21:54,026 DEBUG   HandlerThread:8780 [handler.py:handle_request():141] handle_request: stop_status
2022-05-16 18:21:54,026 DEBUG   SenderThread:8780 [sender.py:send_request():246] send_request: stop_status
2022-05-16 18:21:54,550 INFO    Thread-7  :8780 [dir_watcher.py:_on_file_modified():257] file/dir modified: /Users/noah/Desktop/Repositories/ines-autonomous-dispatching/wandb/run-20220516_181523-3ggm319x/files/output.log
2022-05-16 18:21:56,559 INFO    Thread-7  :8780 [dir_watcher.py:_on_file_modified():257] file/dir modified: /Users/noah/Desktop/Repositories/ines-autonomous-dispatching/wandb/run-20220516_181523-3ggm319x/files/output.log
2022-05-16 18:21:58,568 INFO    Thread-7  :8780 [dir_watcher.py:_on_file_modified():257] file/dir modified: /Users/noah/Desktop/Repositories/ines-autonomous-dispatching/wandb/run-20220516_181523-3ggm319x/files/output.log
2022-05-16 18:22:00,574 INFO    Thread-7  :8780 [dir_watcher.py:_on_file_modified():257] file/dir modified: /Users/noah/Desktop/Repositories/ines-autonomous-dispatching/wandb/run-20220516_181523-3ggm319x/files/output.log
2022-05-16 18:22:02,580 INFO    Thread-7  :8780 [dir_watcher.py:_on_file_modified():257] file/dir modified: /Users/noah/Desktop/Repositories/ines-autonomous-dispatching/wandb/run-20220516_181523-3ggm319x/files/output.log
2022-05-16 18:22:03,902 DEBUG   SenderThread:8780 [sender.py:send():232] send: stats
2022-05-16 18:22:04,586 INFO    Thread-7  :8780 [dir_watcher.py:_on_file_modified():257] file/dir modified: /Users/noah/Desktop/Repositories/ines-autonomous-dispatching/wandb/run-20220516_181523-3ggm319x/files/output.log
2022-05-16 18:22:06,593 INFO    Thread-7  :8780 [dir_watcher.py:_on_file_modified():257] file/dir modified: /Users/noah/Desktop/Repositories/ines-autonomous-dispatching/wandb/run-20220516_181523-3ggm319x/files/output.log
2022-05-16 18:22:08,596 INFO    Thread-7  :8780 [dir_watcher.py:_on_file_modified():257] file/dir modified: /Users/noah/Desktop/Repositories/ines-autonomous-dispatching/wandb/run-20220516_181523-3ggm319x/files/output.log
2022-05-16 18:22:09,251 DEBUG   HandlerThread:8780 [handler.py:handle_request():141] handle_request: stop_status
2022-05-16 18:22:09,252 DEBUG   SenderThread:8780 [sender.py:send_request():246] send_request: stop_status
2022-05-16 18:22:10,602 INFO    Thread-7  :8780 [dir_watcher.py:_on_file_modified():257] file/dir modified: /Users/noah/Desktop/Repositories/ines-autonomous-dispatching/wandb/run-20220516_181523-3ggm319x/files/output.log
2022-05-16 18:22:12,610 INFO    Thread-7  :8780 [dir_watcher.py:_on_file_modified():257] file/dir modified: /Users/noah/Desktop/Repositories/ines-autonomous-dispatching/wandb/run-20220516_181523-3ggm319x/files/output.log
2022-05-16 18:22:14,625 INFO    Thread-7  :8780 [dir_watcher.py:_on_file_modified():257] file/dir modified: /Users/noah/Desktop/Repositories/ines-autonomous-dispatching/wandb/run-20220516_181523-3ggm319x/files/output.log
2022-05-16 18:22:16,624 INFO    Thread-7  :8780 [dir_watcher.py:_on_file_modified():257] file/dir modified: /Users/noah/Desktop/Repositories/ines-autonomous-dispatching/wandb/run-20220516_181523-3ggm319x/files/output.log
2022-05-16 18:22:18,632 INFO    Thread-7  :8780 [dir_watcher.py:_on_file_modified():257] file/dir modified: /Users/noah/Desktop/Repositories/ines-autonomous-dispatching/wandb/run-20220516_181523-3ggm319x/files/output.log
2022-05-16 18:22:20,637 INFO    Thread-7  :8780 [dir_watcher.py:_on_file_modified():257] file/dir modified: /Users/noah/Desktop/Repositories/ines-autonomous-dispatching/wandb/run-20220516_181523-3ggm319x/files/output.log
2022-05-16 18:22:22,638 INFO    Thread-7  :8780 [dir_watcher.py:_on_file_modified():257] file/dir modified: /Users/noah/Desktop/Repositories/ines-autonomous-dispatching/wandb/run-20220516_181523-3ggm319x/files/output.log
2022-05-16 18:22:24,470 DEBUG   HandlerThread:8780 [handler.py:handle_request():141] handle_request: stop_status
2022-05-16 18:22:24,471 DEBUG   SenderThread:8780 [sender.py:send_request():246] send_request: stop_status
2022-05-16 18:22:24,642 INFO    Thread-7  :8780 [dir_watcher.py:_on_file_modified():257] file/dir modified: /Users/noah/Desktop/Repositories/ines-autonomous-dispatching/wandb/run-20220516_181523-3ggm319x/files/output.log
2022-05-16 18:22:26,647 INFO    Thread-7  :8780 [dir_watcher.py:_on_file_modified():257] file/dir modified: /Users/noah/Desktop/Repositories/ines-autonomous-dispatching/wandb/run-20220516_181523-3ggm319x/files/output.log
2022-05-16 18:22:28,655 INFO    Thread-7  :8780 [dir_watcher.py:_on_file_modified():257] file/dir modified: /Users/noah/Desktop/Repositories/ines-autonomous-dispatching/wandb/run-20220516_181523-3ggm319x/files/output.log
2022-05-16 18:22:30,682 INFO    Thread-7  :8780 [dir_watcher.py:_on_file_modified():257] file/dir modified: /Users/noah/Desktop/Repositories/ines-autonomous-dispatching/wandb/run-20220516_181523-3ggm319x/files/output.log
2022-05-16 18:22:32,683 INFO    Thread-7  :8780 [dir_watcher.py:_on_file_modified():257] file/dir modified: /Users/noah/Desktop/Repositories/ines-autonomous-dispatching/wandb/run-20220516_181523-3ggm319x/files/output.log
2022-05-16 18:22:34,690 INFO    Thread-7  :8780 [dir_watcher.py:_on_file_modified():257] file/dir modified: /Users/noah/Desktop/Repositories/ines-autonomous-dispatching/wandb/run-20220516_181523-3ggm319x/files/output.log
2022-05-16 18:22:34,747 DEBUG   SenderThread:8780 [sender.py:send():232] send: stats
2022-05-16 18:22:36,696 INFO    Thread-7  :8780 [dir_watcher.py:_on_file_modified():257] file/dir modified: /Users/noah/Desktop/Repositories/ines-autonomous-dispatching/wandb/run-20220516_181523-3ggm319x/files/output.log
2022-05-16 18:22:38,703 INFO    Thread-7  :8780 [dir_watcher.py:_on_file_modified():257] file/dir modified: /Users/noah/Desktop/Repositories/ines-autonomous-dispatching/wandb/run-20220516_181523-3ggm319x/files/output.log
2022-05-16 18:22:39,706 DEBUG   HandlerThread:8780 [handler.py:handle_request():141] handle_request: stop_status
2022-05-16 18:22:39,706 DEBUG   SenderThread:8780 [sender.py:send_request():246] send_request: stop_status
2022-05-16 18:22:40,707 INFO    Thread-7  :8780 [dir_watcher.py:_on_file_modified():257] file/dir modified: /Users/noah/Desktop/Repositories/ines-autonomous-dispatching/wandb/run-20220516_181523-3ggm319x/files/output.log
2022-05-16 18:22:42,712 INFO    Thread-7  :8780 [dir_watcher.py:_on_file_modified():257] file/dir modified: /Users/noah/Desktop/Repositories/ines-autonomous-dispatching/wandb/run-20220516_181523-3ggm319x/files/output.log
2022-05-16 18:22:44,719 INFO    Thread-7  :8780 [dir_watcher.py:_on_file_modified():257] file/dir modified: /Users/noah/Desktop/Repositories/ines-autonomous-dispatching/wandb/run-20220516_181523-3ggm319x/files/output.log
2022-05-16 18:22:46,724 INFO    Thread-7  :8780 [dir_watcher.py:_on_file_modified():257] file/dir modified: /Users/noah/Desktop/Repositories/ines-autonomous-dispatching/wandb/run-20220516_181523-3ggm319x/files/output.log
2022-05-16 18:22:48,732 INFO    Thread-7  :8780 [dir_watcher.py:_on_file_modified():257] file/dir modified: /Users/noah/Desktop/Repositories/ines-autonomous-dispatching/wandb/run-20220516_181523-3ggm319x/files/output.log
2022-05-16 18:22:50,738 INFO    Thread-7  :8780 [dir_watcher.py:_on_file_modified():257] file/dir modified: /Users/noah/Desktop/Repositories/ines-autonomous-dispatching/wandb/run-20220516_181523-3ggm319x/files/output.log
2022-05-16 18:22:52,740 INFO    Thread-7  :8780 [dir_watcher.py:_on_file_modified():257] file/dir modified: /Users/noah/Desktop/Repositories/ines-autonomous-dispatching/wandb/run-20220516_181523-3ggm319x/files/output.log
2022-05-16 18:22:54,747 INFO    Thread-7  :8780 [dir_watcher.py:_on_file_modified():257] file/dir modified: /Users/noah/Desktop/Repositories/ines-autonomous-dispatching/wandb/run-20220516_181523-3ggm319x/files/output.log
2022-05-16 18:22:54,915 DEBUG   HandlerThread:8780 [handler.py:handle_request():141] handle_request: stop_status
2022-05-16 18:22:54,915 DEBUG   SenderThread:8780 [sender.py:send_request():246] send_request: stop_status
2022-05-16 18:22:56,753 INFO    Thread-7  :8780 [dir_watcher.py:_on_file_modified():257] file/dir modified: /Users/noah/Desktop/Repositories/ines-autonomous-dispatching/wandb/run-20220516_181523-3ggm319x/files/output.log
2022-05-16 18:22:58,761 INFO    Thread-7  :8780 [dir_watcher.py:_on_file_modified():257] file/dir modified: /Users/noah/Desktop/Repositories/ines-autonomous-dispatching/wandb/run-20220516_181523-3ggm319x/files/output.log
2022-05-16 18:23:00,769 INFO    Thread-7  :8780 [dir_watcher.py:_on_file_modified():257] file/dir modified: /Users/noah/Desktop/Repositories/ines-autonomous-dispatching/wandb/run-20220516_181523-3ggm319x/files/output.log
2022-05-16 18:23:02,776 INFO    Thread-7  :8780 [dir_watcher.py:_on_file_modified():257] file/dir modified: /Users/noah/Desktop/Repositories/ines-autonomous-dispatching/wandb/run-20220516_181523-3ggm319x/files/output.log
2022-05-16 18:23:04,779 INFO    Thread-7  :8780 [dir_watcher.py:_on_file_modified():257] file/dir modified: /Users/noah/Desktop/Repositories/ines-autonomous-dispatching/wandb/run-20220516_181523-3ggm319x/files/output.log
2022-05-16 18:23:05,632 DEBUG   SenderThread:8780 [sender.py:send():232] send: stats
2022-05-16 18:23:06,783 INFO    Thread-7  :8780 [dir_watcher.py:_on_file_modified():257] file/dir modified: /Users/noah/Desktop/Repositories/ines-autonomous-dispatching/wandb/run-20220516_181523-3ggm319x/files/output.log
2022-05-16 18:23:08,790 INFO    Thread-7  :8780 [dir_watcher.py:_on_file_modified():257] file/dir modified: /Users/noah/Desktop/Repositories/ines-autonomous-dispatching/wandb/run-20220516_181523-3ggm319x/files/output.log
2022-05-16 18:23:10,104 DEBUG   HandlerThread:8780 [handler.py:handle_request():141] handle_request: stop_status
2022-05-16 18:23:10,104 DEBUG   SenderThread:8780 [sender.py:send_request():246] send_request: stop_status
2022-05-16 18:23:10,796 INFO    Thread-7  :8780 [dir_watcher.py:_on_file_modified():257] file/dir modified: /Users/noah/Desktop/Repositories/ines-autonomous-dispatching/wandb/run-20220516_181523-3ggm319x/files/output.log
2022-05-16 18:23:12,802 INFO    Thread-7  :8780 [dir_watcher.py:_on_file_modified():257] file/dir modified: /Users/noah/Desktop/Repositories/ines-autonomous-dispatching/wandb/run-20220516_181523-3ggm319x/files/output.log
2022-05-16 18:23:14,810 INFO    Thread-7  :8780 [dir_watcher.py:_on_file_modified():257] file/dir modified: /Users/noah/Desktop/Repositories/ines-autonomous-dispatching/wandb/run-20220516_181523-3ggm319x/files/output.log
2022-05-16 18:23:16,815 INFO    Thread-7  :8780 [dir_watcher.py:_on_file_modified():257] file/dir modified: /Users/noah/Desktop/Repositories/ines-autonomous-dispatching/wandb/run-20220516_181523-3ggm319x/files/output.log
2022-05-16 18:23:18,823 INFO    Thread-7  :8780 [dir_watcher.py:_on_file_modified():257] file/dir modified: /Users/noah/Desktop/Repositories/ines-autonomous-dispatching/wandb/run-20220516_181523-3ggm319x/files/output.log
2022-05-16 18:23:20,825 INFO    Thread-7  :8780 [dir_watcher.py:_on_file_modified():257] file/dir modified: /Users/noah/Desktop/Repositories/ines-autonomous-dispatching/wandb/run-20220516_181523-3ggm319x/files/output.log
2022-05-16 18:23:22,846 INFO    Thread-7  :8780 [dir_watcher.py:_on_file_modified():257] file/dir modified: /Users/noah/Desktop/Repositories/ines-autonomous-dispatching/wandb/run-20220516_181523-3ggm319x/files/output.log
2022-05-16 18:23:24,850 INFO    Thread-7  :8780 [dir_watcher.py:_on_file_modified():257] file/dir modified: /Users/noah/Desktop/Repositories/ines-autonomous-dispatching/wandb/run-20220516_181523-3ggm319x/files/output.log
2022-05-16 18:23:25,438 DEBUG   HandlerThread:8780 [handler.py:handle_request():141] handle_request: stop_status
2022-05-16 18:23:25,438 DEBUG   SenderThread:8780 [sender.py:send_request():246] send_request: stop_status
2022-05-16 18:23:26,853 INFO    Thread-7  :8780 [dir_watcher.py:_on_file_modified():257] file/dir modified: /Users/noah/Desktop/Repositories/ines-autonomous-dispatching/wandb/run-20220516_181523-3ggm319x/files/output.log
2022-05-16 18:23:28,860 INFO    Thread-7  :8780 [dir_watcher.py:_on_file_modified():257] file/dir modified: /Users/noah/Desktop/Repositories/ines-autonomous-dispatching/wandb/run-20220516_181523-3ggm319x/files/output.log
2022-05-16 18:23:30,869 INFO    Thread-7  :8780 [dir_watcher.py:_on_file_modified():257] file/dir modified: /Users/noah/Desktop/Repositories/ines-autonomous-dispatching/wandb/run-20220516_181523-3ggm319x/files/output.log
2022-05-16 18:23:32,873 INFO    Thread-7  :8780 [dir_watcher.py:_on_file_modified():257] file/dir modified: /Users/noah/Desktop/Repositories/ines-autonomous-dispatching/wandb/run-20220516_181523-3ggm319x/files/output.log
2022-05-16 18:23:34,877 INFO    Thread-7  :8780 [dir_watcher.py:_on_file_modified():257] file/dir modified: /Users/noah/Desktop/Repositories/ines-autonomous-dispatching/wandb/run-20220516_181523-3ggm319x/files/output.log
2022-05-16 18:23:36,491 DEBUG   SenderThread:8780 [sender.py:send():232] send: stats
2022-05-16 18:23:36,887 INFO    Thread-7  :8780 [dir_watcher.py:_on_file_modified():257] file/dir modified: /Users/noah/Desktop/Repositories/ines-autonomous-dispatching/wandb/run-20220516_181523-3ggm319x/files/output.log
2022-05-16 18:23:38,893 INFO    Thread-7  :8780 [dir_watcher.py:_on_file_modified():257] file/dir modified: /Users/noah/Desktop/Repositories/ines-autonomous-dispatching/wandb/run-20220516_181523-3ggm319x/files/output.log
2022-05-16 18:23:40,713 DEBUG   HandlerThread:8780 [handler.py:handle_request():141] handle_request: stop_status
2022-05-16 18:23:40,716 DEBUG   SenderThread:8780 [sender.py:send_request():246] send_request: stop_status
2022-05-16 18:23:40,899 INFO    Thread-7  :8780 [dir_watcher.py:_on_file_modified():257] file/dir modified: /Users/noah/Desktop/Repositories/ines-autonomous-dispatching/wandb/run-20220516_181523-3ggm319x/files/output.log
2022-05-16 18:23:42,907 INFO    Thread-7  :8780 [dir_watcher.py:_on_file_modified():257] file/dir modified: /Users/noah/Desktop/Repositories/ines-autonomous-dispatching/wandb/run-20220516_181523-3ggm319x/files/output.log
2022-05-16 18:23:44,917 INFO    Thread-7  :8780 [dir_watcher.py:_on_file_modified():257] file/dir modified: /Users/noah/Desktop/Repositories/ines-autonomous-dispatching/wandb/run-20220516_181523-3ggm319x/files/output.log
2022-05-16 18:23:46,921 INFO    Thread-7  :8780 [dir_watcher.py:_on_file_modified():257] file/dir modified: /Users/noah/Desktop/Repositories/ines-autonomous-dispatching/wandb/run-20220516_181523-3ggm319x/files/output.log
2022-05-16 18:23:48,928 INFO    Thread-7  :8780 [dir_watcher.py:_on_file_modified():257] file/dir modified: /Users/noah/Desktop/Repositories/ines-autonomous-dispatching/wandb/run-20220516_181523-3ggm319x/files/output.log
2022-05-16 18:23:50,930 INFO    Thread-7  :8780 [dir_watcher.py:_on_file_modified():257] file/dir modified: /Users/noah/Desktop/Repositories/ines-autonomous-dispatching/wandb/run-20220516_181523-3ggm319x/files/output.log
2022-05-16 18:23:52,937 INFO    Thread-7  :8780 [dir_watcher.py:_on_file_modified():257] file/dir modified: /Users/noah/Desktop/Repositories/ines-autonomous-dispatching/wandb/run-20220516_181523-3ggm319x/files/output.log
2022-05-16 18:23:54,942 INFO    Thread-7  :8780 [dir_watcher.py:_on_file_modified():257] file/dir modified: /Users/noah/Desktop/Repositories/ines-autonomous-dispatching/wandb/run-20220516_181523-3ggm319x/files/output.log
2022-05-16 18:23:55,982 DEBUG   HandlerThread:8780 [handler.py:handle_request():141] handle_request: stop_status
2022-05-16 18:23:55,983 DEBUG   SenderThread:8780 [sender.py:send_request():246] send_request: stop_status
2022-05-16 18:23:56,946 INFO    Thread-7  :8780 [dir_watcher.py:_on_file_modified():257] file/dir modified: /Users/noah/Desktop/Repositories/ines-autonomous-dispatching/wandb/run-20220516_181523-3ggm319x/files/output.log
2022-05-16 18:23:58,954 INFO    Thread-7  :8780 [dir_watcher.py:_on_file_modified():257] file/dir modified: /Users/noah/Desktop/Repositories/ines-autonomous-dispatching/wandb/run-20220516_181523-3ggm319x/files/output.log
2022-05-16 18:24:00,960 INFO    Thread-7  :8780 [dir_watcher.py:_on_file_modified():257] file/dir modified: /Users/noah/Desktop/Repositories/ines-autonomous-dispatching/wandb/run-20220516_181523-3ggm319x/files/output.log
2022-05-16 18:24:02,963 INFO    Thread-7  :8780 [dir_watcher.py:_on_file_modified():257] file/dir modified: /Users/noah/Desktop/Repositories/ines-autonomous-dispatching/wandb/run-20220516_181523-3ggm319x/files/output.log
2022-05-16 18:24:04,972 INFO    Thread-7  :8780 [dir_watcher.py:_on_file_modified():257] file/dir modified: /Users/noah/Desktop/Repositories/ines-autonomous-dispatching/wandb/run-20220516_181523-3ggm319x/files/output.log
2022-05-16 18:24:06,974 INFO    Thread-7  :8780 [dir_watcher.py:_on_file_modified():257] file/dir modified: /Users/noah/Desktop/Repositories/ines-autonomous-dispatching/wandb/run-20220516_181523-3ggm319x/files/output.log
2022-05-16 18:24:07,353 DEBUG   SenderThread:8780 [sender.py:send():232] send: stats
2022-05-16 18:24:08,975 INFO    Thread-7  :8780 [dir_watcher.py:_on_file_modified():257] file/dir modified: /Users/noah/Desktop/Repositories/ines-autonomous-dispatching/wandb/run-20220516_181523-3ggm319x/files/output.log
2022-05-16 18:24:10,981 INFO    Thread-7  :8780 [dir_watcher.py:_on_file_modified():257] file/dir modified: /Users/noah/Desktop/Repositories/ines-autonomous-dispatching/wandb/run-20220516_181523-3ggm319x/files/output.log
2022-05-16 18:24:11,213 DEBUG   HandlerThread:8780 [handler.py:handle_request():141] handle_request: stop_status
2022-05-16 18:24:11,213 DEBUG   SenderThread:8780 [sender.py:send_request():246] send_request: stop_status
2022-05-16 18:24:13,992 INFO    Thread-7  :8780 [dir_watcher.py:_on_file_modified():257] file/dir modified: /Users/noah/Desktop/Repositories/ines-autonomous-dispatching/wandb/run-20220516_181523-3ggm319x/files/output.log
2022-05-16 18:24:15,995 INFO    Thread-7  :8780 [dir_watcher.py:_on_file_modified():257] file/dir modified: /Users/noah/Desktop/Repositories/ines-autonomous-dispatching/wandb/run-20220516_181523-3ggm319x/files/output.log
2022-05-16 18:24:18,002 INFO    Thread-7  :8780 [dir_watcher.py:_on_file_modified():257] file/dir modified: /Users/noah/Desktop/Repositories/ines-autonomous-dispatching/wandb/run-20220516_181523-3ggm319x/files/output.log
2022-05-16 18:24:20,007 INFO    Thread-7  :8780 [dir_watcher.py:_on_file_modified():257] file/dir modified: /Users/noah/Desktop/Repositories/ines-autonomous-dispatching/wandb/run-20220516_181523-3ggm319x/files/output.log
2022-05-16 18:24:22,014 INFO    Thread-7  :8780 [dir_watcher.py:_on_file_modified():257] file/dir modified: /Users/noah/Desktop/Repositories/ines-autonomous-dispatching/wandb/run-20220516_181523-3ggm319x/files/output.log
2022-05-16 18:24:24,015 INFO    Thread-7  :8780 [dir_watcher.py:_on_file_modified():257] file/dir modified: /Users/noah/Desktop/Repositories/ines-autonomous-dispatching/wandb/run-20220516_181523-3ggm319x/files/output.log
2022-05-16 18:24:26,022 INFO    Thread-7  :8780 [dir_watcher.py:_on_file_modified():257] file/dir modified: /Users/noah/Desktop/Repositories/ines-autonomous-dispatching/wandb/run-20220516_181523-3ggm319x/files/output.log
2022-05-16 18:24:26,677 DEBUG   HandlerThread:8780 [handler.py:handle_request():141] handle_request: stop_status
2022-05-16 18:24:26,677 DEBUG   SenderThread:8780 [sender.py:send_request():246] send_request: stop_status
2022-05-16 18:24:28,028 INFO    Thread-7  :8780 [dir_watcher.py:_on_file_modified():257] file/dir modified: /Users/noah/Desktop/Repositories/ines-autonomous-dispatching/wandb/run-20220516_181523-3ggm319x/files/output.log
2022-05-16 18:24:30,036 INFO    Thread-7  :8780 [dir_watcher.py:_on_file_modified():257] file/dir modified: /Users/noah/Desktop/Repositories/ines-autonomous-dispatching/wandb/run-20220516_181523-3ggm319x/files/output.log
2022-05-16 18:24:32,041 INFO    Thread-7  :8780 [dir_watcher.py:_on_file_modified():257] file/dir modified: /Users/noah/Desktop/Repositories/ines-autonomous-dispatching/wandb/run-20220516_181523-3ggm319x/files/output.log
2022-05-16 18:24:34,044 INFO    Thread-7  :8780 [dir_watcher.py:_on_file_modified():257] file/dir modified: /Users/noah/Desktop/Repositories/ines-autonomous-dispatching/wandb/run-20220516_181523-3ggm319x/files/output.log
2022-05-16 18:24:35,697 DEBUG   HandlerThread:8780 [handler.py:handle_request():141] handle_request: partial_history
2022-05-16 18:24:35,700 DEBUG   SenderThread:8780 [sender.py:send():232] send: history
2022-05-16 18:24:35,700 DEBUG   SenderThread:8780 [sender.py:send():232] send: summary
2022-05-16 18:24:35,706 INFO    SenderThread:8780 [sender.py:_save_file():948] saving file wandb-summary.json with policy end
2022-05-16 18:24:35,710 DEBUG   SenderThread:8780 [sender.py:send():232] send: telemetry
2022-05-16 18:24:36,050 INFO    Thread-7  :8780 [dir_watcher.py:_on_file_modified():257] file/dir modified: /Users/noah/Desktop/Repositories/ines-autonomous-dispatching/wandb/run-20220516_181523-3ggm319x/files/output.log
2022-05-16 18:24:36,051 INFO    Thread-7  :8780 [dir_watcher.py:_on_file_modified():257] file/dir modified: /Users/noah/Desktop/Repositories/ines-autonomous-dispatching/wandb/run-20220516_181523-3ggm319x/files/wandb-summary.json
2022-05-16 18:24:37,055 INFO    Thread-7  :8780 [dir_watcher.py:_on_file_modified():257] file/dir modified: /Users/noah/Desktop/Repositories/ines-autonomous-dispatching/wandb/run-20220516_181523-3ggm319x/files/output.log
2022-05-16 18:24:38,059 INFO    Thread-7  :8780 [dir_watcher.py:_on_file_modified():257] file/dir modified: /Users/noah/Desktop/Repositories/ines-autonomous-dispatching/wandb/run-20220516_181523-3ggm319x/files/output.log
2022-05-16 18:24:38,138 DEBUG   HandlerThread:8780 [handler.py:handle_request():141] handle_request: poll_exit
2022-05-16 18:24:38,139 DEBUG   SenderThread:8780 [sender.py:send():232] send: exit
2022-05-16 18:24:38,139 INFO    SenderThread:8780 [sender.py:send_exit():368] handling exit code: 0
2022-05-16 18:24:38,142 INFO    SenderThread:8780 [sender.py:send_exit():370] handling runtime: 550
2022-05-16 18:24:38,142 INFO    SenderThread:8780 [sender.py:_save_file():948] saving file wandb-summary.json with policy end
2022-05-16 18:24:38,142 INFO    SenderThread:8780 [sender.py:send_exit():376] send defer
2022-05-16 18:24:38,143 DEBUG   SenderThread:8780 [sender.py:send_request():246] send_request: poll_exit
2022-05-16 18:24:38,143 DEBUG   SenderThread:8780 [sender.py:send():232] send: stats
2022-05-16 18:24:38,145 DEBUG   HandlerThread:8780 [handler.py:handle_request():141] handle_request: defer
2022-05-16 18:24:38,145 INFO    HandlerThread:8780 [handler.py:handle_request_defer():164] handle defer: 0
2022-05-16 18:24:38,146 DEBUG   SenderThread:8780 [sender.py:send_request():246] send_request: defer
2022-05-16 18:24:38,146 INFO    SenderThread:8780 [sender.py:send_request_defer():385] handle sender defer: 0
2022-05-16 18:24:38,146 INFO    SenderThread:8780 [sender.py:transition_state():389] send defer: 1
2022-05-16 18:24:38,149 DEBUG   HandlerThread:8780 [handler.py:handle_request():141] handle_request: defer
2022-05-16 18:24:38,149 INFO    HandlerThread:8780 [handler.py:handle_request_defer():164] handle defer: 1
2022-05-16 18:24:38,242 DEBUG   SenderThread:8780 [sender.py:send_request():246] send_request: defer
2022-05-16 18:24:38,242 INFO    SenderThread:8780 [sender.py:send_request_defer():385] handle sender defer: 1
2022-05-16 18:24:38,242 INFO    SenderThread:8780 [sender.py:transition_state():389] send defer: 2
2022-05-16 18:24:38,242 DEBUG   SenderThread:8780 [sender.py:send():232] send: stats
2022-05-16 18:24:38,242 DEBUG   HandlerThread:8780 [handler.py:handle_request():141] handle_request: defer
2022-05-16 18:24:38,243 INFO    HandlerThread:8780 [handler.py:handle_request_defer():164] handle defer: 2
2022-05-16 18:24:38,243 DEBUG   SenderThread:8780 [sender.py:send_request():246] send_request: defer
2022-05-16 18:24:38,243 INFO    SenderThread:8780 [sender.py:send_request_defer():385] handle sender defer: 2
2022-05-16 18:24:38,243 INFO    SenderThread:8780 [sender.py:transition_state():389] send defer: 3
2022-05-16 18:24:38,243 DEBUG   HandlerThread:8780 [handler.py:handle_request():141] handle_request: defer
2022-05-16 18:24:38,243 INFO    HandlerThread:8780 [handler.py:handle_request_defer():164] handle defer: 3
2022-05-16 18:24:38,244 DEBUG   SenderThread:8780 [sender.py:send_request():246] send_request: defer
2022-05-16 18:24:38,244 INFO    SenderThread:8780 [sender.py:send_request_defer():385] handle sender defer: 3
2022-05-16 18:24:38,244 INFO    SenderThread:8780 [sender.py:transition_state():389] send defer: 4
2022-05-16 18:24:38,244 DEBUG   HandlerThread:8780 [handler.py:handle_request():141] handle_request: defer
2022-05-16 18:24:38,244 INFO    HandlerThread:8780 [handler.py:handle_request_defer():164] handle defer: 4
2022-05-16 18:24:38,244 DEBUG   SenderThread:8780 [sender.py:send():232] send: summary
2022-05-16 18:24:38,245 INFO    SenderThread:8780 [sender.py:_save_file():948] saving file wandb-summary.json with policy end
2022-05-16 18:24:38,245 DEBUG   SenderThread:8780 [sender.py:send_request():246] send_request: defer
2022-05-16 18:24:38,245 INFO    SenderThread:8780 [sender.py:send_request_defer():385] handle sender defer: 4
2022-05-16 18:24:38,245 INFO    SenderThread:8780 [sender.py:transition_state():389] send defer: 5
2022-05-16 18:24:38,245 DEBUG   HandlerThread:8780 [handler.py:handle_request():141] handle_request: defer
2022-05-16 18:24:38,246 INFO    HandlerThread:8780 [handler.py:handle_request_defer():164] handle defer: 5
2022-05-16 18:24:38,246 DEBUG   SenderThread:8780 [sender.py:send_request():246] send_request: defer
2022-05-16 18:24:38,246 INFO    SenderThread:8780 [sender.py:send_request_defer():385] handle sender defer: 5
2022-05-16 18:24:38,253 DEBUG   HandlerThread:8780 [handler.py:handle_request():141] handle_request: poll_exit
2022-05-16 18:24:38,593 INFO    SenderThread:8780 [sender.py:transition_state():389] send defer: 6
2022-05-16 18:24:38,593 DEBUG   SenderThread:8780 [sender.py:send_request():246] send_request: poll_exit
2022-05-16 18:24:38,594 DEBUG   HandlerThread:8780 [handler.py:handle_request():141] handle_request: defer
2022-05-16 18:24:38,594 INFO    HandlerThread:8780 [handler.py:handle_request_defer():164] handle defer: 6
2022-05-16 18:24:38,595 DEBUG   SenderThread:8780 [sender.py:send_request():246] send_request: defer
2022-05-16 18:24:38,595 INFO    SenderThread:8780 [sender.py:send_request_defer():385] handle sender defer: 6
2022-05-16 18:24:38,595 INFO    SenderThread:8780 [dir_watcher.py:finish():312] shutting down directory watcher
2022-05-16 18:24:38,695 DEBUG   HandlerThread:8780 [handler.py:handle_request():141] handle_request: poll_exit
2022-05-16 18:24:39,061 INFO    Thread-7  :8780 [dir_watcher.py:_on_file_modified():257] file/dir modified: /Users/noah/Desktop/Repositories/ines-autonomous-dispatching/wandb/run-20220516_181523-3ggm319x/files/output.log
2022-05-16 18:24:39,062 INFO    SenderThread:8780 [dir_watcher.py:_on_file_modified():257] file/dir modified: /Users/noah/Desktop/Repositories/ines-autonomous-dispatching/wandb/run-20220516_181523-3ggm319x/files/wandb-summary.json
2022-05-16 18:24:39,062 INFO    SenderThread:8780 [dir_watcher.py:_on_file_modified():257] file/dir modified: /Users/noah/Desktop/Repositories/ines-autonomous-dispatching/wandb/run-20220516_181523-3ggm319x/files/config.yaml
2022-05-16 18:24:39,063 INFO    SenderThread:8780 [dir_watcher.py:finish():342] scan: /Users/noah/Desktop/Repositories/ines-autonomous-dispatching/wandb/run-20220516_181523-3ggm319x/files
2022-05-16 18:24:39,063 INFO    SenderThread:8780 [dir_watcher.py:finish():356] scan save: /Users/noah/Desktop/Repositories/ines-autonomous-dispatching/wandb/run-20220516_181523-3ggm319x/files/requirements.txt requirements.txt
2022-05-16 18:24:39,063 INFO    SenderThread:8780 [dir_watcher.py:finish():356] scan save: /Users/noah/Desktop/Repositories/ines-autonomous-dispatching/wandb/run-20220516_181523-3ggm319x/files/output.log output.log
2022-05-16 18:24:39,063 INFO    SenderThread:8780 [dir_watcher.py:finish():356] scan save: /Users/noah/Desktop/Repositories/ines-autonomous-dispatching/wandb/run-20220516_181523-3ggm319x/files/config.yaml config.yaml
2022-05-16 18:24:39,063 INFO    SenderThread:8780 [dir_watcher.py:finish():356] scan save: /Users/noah/Desktop/Repositories/ines-autonomous-dispatching/wandb/run-20220516_181523-3ggm319x/files/wandb-summary.json wandb-summary.json
2022-05-16 18:24:39,063 INFO    SenderThread:8780 [dir_watcher.py:finish():356] scan save: /Users/noah/Desktop/Repositories/ines-autonomous-dispatching/wandb/run-20220516_181523-3ggm319x/files/conda-environment.yaml conda-environment.yaml
2022-05-16 18:24:39,064 INFO    SenderThread:8780 [dir_watcher.py:finish():356] scan save: /Users/noah/Desktop/Repositories/ines-autonomous-dispatching/wandb/run-20220516_181523-3ggm319x/files/wandb-metadata.json wandb-metadata.json
2022-05-16 18:24:39,064 INFO    SenderThread:8780 [sender.py:transition_state():389] send defer: 7
2022-05-16 18:24:39,064 DEBUG   SenderThread:8780 [sender.py:send_request():246] send_request: poll_exit
2022-05-16 18:24:39,065 DEBUG   HandlerThread:8780 [handler.py:handle_request():141] handle_request: defer
2022-05-16 18:24:39,065 INFO    HandlerThread:8780 [handler.py:handle_request_defer():164] handle defer: 7
2022-05-16 18:24:39,068 DEBUG   SenderThread:8780 [sender.py:send_request():246] send_request: defer
2022-05-16 18:24:39,068 INFO    SenderThread:8780 [sender.py:send_request_defer():385] handle sender defer: 7
2022-05-16 18:24:39,068 INFO    SenderThread:8780 [file_pusher.py:finish():145] shutting down file pusher
2022-05-16 18:24:39,171 DEBUG   HandlerThread:8780 [handler.py:handle_request():141] handle_request: poll_exit
2022-05-16 18:24:39,172 DEBUG   SenderThread:8780 [sender.py:send_request():246] send_request: poll_exit
2022-05-16 18:24:39,278 DEBUG   HandlerThread:8780 [handler.py:handle_request():141] handle_request: poll_exit
2022-05-16 18:24:39,278 DEBUG   SenderThread:8780 [sender.py:send_request():246] send_request: poll_exit
2022-05-16 18:24:39,384 DEBUG   HandlerThread:8780 [handler.py:handle_request():141] handle_request: poll_exit
2022-05-16 18:24:39,384 DEBUG   SenderThread:8780 [sender.py:send_request():246] send_request: poll_exit
2022-05-16 18:24:39,493 DEBUG   HandlerThread:8780 [handler.py:handle_request():141] handle_request: poll_exit
2022-05-16 18:24:39,494 DEBUG   SenderThread:8780 [sender.py:send_request():246] send_request: poll_exit
2022-05-16 18:24:39,606 DEBUG   HandlerThread:8780 [handler.py:handle_request():141] handle_request: poll_exit
2022-05-16 18:24:39,607 DEBUG   SenderThread:8780 [sender.py:send_request():246] send_request: poll_exit
2022-05-16 18:24:39,712 DEBUG   HandlerThread:8780 [handler.py:handle_request():141] handle_request: poll_exit
2022-05-16 18:24:39,713 DEBUG   SenderThread:8780 [sender.py:send_request():246] send_request: poll_exit
2022-05-16 18:24:39,815 DEBUG   HandlerThread:8780 [handler.py:handle_request():141] handle_request: poll_exit
2022-05-16 18:24:39,816 DEBUG   SenderThread:8780 [sender.py:send_request():246] send_request: poll_exit
2022-05-16 18:24:39,922 DEBUG   HandlerThread:8780 [handler.py:handle_request():141] handle_request: poll_exit
2022-05-16 18:24:39,923 DEBUG   SenderThread:8780 [sender.py:send_request():246] send_request: poll_exit
2022-05-16 18:24:40,028 DEBUG   HandlerThread:8780 [handler.py:handle_request():141] handle_request: poll_exit
2022-05-16 18:24:40,029 DEBUG   SenderThread:8780 [sender.py:send_request():246] send_request: poll_exit
2022-05-16 18:24:40,132 DEBUG   HandlerThread:8780 [handler.py:handle_request():141] handle_request: poll_exit
2022-05-16 18:24:40,132 DEBUG   SenderThread:8780 [sender.py:send_request():246] send_request: poll_exit
2022-05-16 18:24:40,226 INFO    Thread-12 :8780 [upload_job.py:push():132] Uploaded file /Users/noah/Desktop/Repositories/ines-autonomous-dispatching/wandb/run-20220516_181523-3ggm319x/files/requirements.txt
2022-05-16 18:24:40,237 DEBUG   HandlerThread:8780 [handler.py:handle_request():141] handle_request: poll_exit
2022-05-16 18:24:40,238 DEBUG   SenderThread:8780 [sender.py:send_request():246] send_request: poll_exit
2022-05-16 18:24:40,261 INFO    Thread-16 :8780 [upload_job.py:push():132] Uploaded file /Users/noah/Desktop/Repositories/ines-autonomous-dispatching/wandb/run-20220516_181523-3ggm319x/files/conda-environment.yaml
2022-05-16 18:24:40,293 INFO    Thread-14 :8780 [upload_job.py:push():132] Uploaded file /Users/noah/Desktop/Repositories/ines-autonomous-dispatching/wandb/run-20220516_181523-3ggm319x/files/config.yaml
2022-05-16 18:24:40,338 INFO    Thread-15 :8780 [upload_job.py:push():132] Uploaded file /Users/noah/Desktop/Repositories/ines-autonomous-dispatching/wandb/run-20220516_181523-3ggm319x/files/wandb-summary.json
2022-05-16 18:24:40,346 DEBUG   HandlerThread:8780 [handler.py:handle_request():141] handle_request: poll_exit
2022-05-16 18:24:40,346 DEBUG   SenderThread:8780 [sender.py:send_request():246] send_request: poll_exit
2022-05-16 18:24:40,455 DEBUG   HandlerThread:8780 [handler.py:handle_request():141] handle_request: poll_exit
2022-05-16 18:24:40,455 DEBUG   SenderThread:8780 [sender.py:send_request():246] send_request: poll_exit
2022-05-16 18:24:40,563 DEBUG   HandlerThread:8780 [handler.py:handle_request():141] handle_request: poll_exit
2022-05-16 18:24:40,563 DEBUG   SenderThread:8780 [sender.py:send_request():246] send_request: poll_exit
2022-05-16 18:24:40,673 DEBUG   HandlerThread:8780 [handler.py:handle_request():141] handle_request: poll_exit
2022-05-16 18:24:40,673 DEBUG   SenderThread:8780 [sender.py:send_request():246] send_request: poll_exit
2022-05-16 18:24:40,781 DEBUG   HandlerThread:8780 [handler.py:handle_request():141] handle_request: poll_exit
2022-05-16 18:24:40,781 DEBUG   SenderThread:8780 [sender.py:send_request():246] send_request: poll_exit
2022-05-16 18:24:40,890 DEBUG   HandlerThread:8780 [handler.py:handle_request():141] handle_request: poll_exit
2022-05-16 18:24:40,891 DEBUG   SenderThread:8780 [sender.py:send_request():246] send_request: poll_exit
2022-05-16 18:24:40,998 DEBUG   HandlerThread:8780 [handler.py:handle_request():141] handle_request: poll_exit
2022-05-16 18:24:40,998 DEBUG   SenderThread:8780 [sender.py:send_request():246] send_request: poll_exit
2022-05-16 18:24:41,109 DEBUG   HandlerThread:8780 [handler.py:handle_request():141] handle_request: poll_exit
2022-05-16 18:24:41,109 DEBUG   SenderThread:8780 [sender.py:send_request():246] send_request: poll_exit
2022-05-16 18:24:41,116 INFO    Thread-13 :8780 [upload_job.py:push():132] Uploaded file /Users/noah/Desktop/Repositories/ines-autonomous-dispatching/wandb/run-20220516_181523-3ggm319x/files/output.log
2022-05-16 18:24:41,215 DEBUG   HandlerThread:8780 [handler.py:handle_request():141] handle_request: poll_exit
2022-05-16 18:24:41,215 DEBUG   SenderThread:8780 [sender.py:send_request():246] send_request: poll_exit
2022-05-16 18:24:41,323 INFO    Thread-6  :8780 [sender.py:transition_state():389] send defer: 8
2022-05-16 18:24:41,324 DEBUG   HandlerThread:8780 [handler.py:handle_request():141] handle_request: poll_exit
2022-05-16 18:24:41,324 DEBUG   HandlerThread:8780 [handler.py:handle_request():141] handle_request: defer
2022-05-16 18:24:41,324 INFO    HandlerThread:8780 [handler.py:handle_request_defer():164] handle defer: 8
2022-05-16 18:24:41,324 DEBUG   SenderThread:8780 [sender.py:send_request():246] send_request: poll_exit
2022-05-16 18:24:41,325 DEBUG   SenderThread:8780 [sender.py:send_request():246] send_request: defer
2022-05-16 18:24:41,325 INFO    SenderThread:8780 [sender.py:send_request_defer():385] handle sender defer: 8
2022-05-16 18:24:41,429 DEBUG   HandlerThread:8780 [handler.py:handle_request():141] handle_request: poll_exit
2022-05-16 18:24:41,841 INFO    SenderThread:8780 [sender.py:transition_state():389] send defer: 9
2022-05-16 18:24:41,842 DEBUG   SenderThread:8780 [sender.py:send_request():246] send_request: poll_exit
2022-05-16 18:24:41,842 DEBUG   HandlerThread:8780 [handler.py:handle_request():141] handle_request: defer
2022-05-16 18:24:41,842 INFO    HandlerThread:8780 [handler.py:handle_request_defer():164] handle defer: 9
2022-05-16 18:24:41,842 DEBUG   SenderThread:8780 [sender.py:send_request():246] send_request: defer
2022-05-16 18:24:41,842 INFO    SenderThread:8780 [sender.py:send_request_defer():385] handle sender defer: 9
2022-05-16 18:24:41,843 INFO    SenderThread:8780 [sender.py:transition_state():389] send defer: 10
2022-05-16 18:24:41,843 DEBUG   HandlerThread:8780 [handler.py:handle_request():141] handle_request: defer
2022-05-16 18:24:41,843 INFO    HandlerThread:8780 [handler.py:handle_request_defer():164] handle defer: 10
2022-05-16 18:24:41,843 DEBUG   SenderThread:8780 [sender.py:send():232] send: final
2022-05-16 18:24:41,844 DEBUG   SenderThread:8780 [sender.py:send():232] send: footer
2022-05-16 18:24:41,844 DEBUG   SenderThread:8780 [sender.py:send_request():246] send_request: defer
2022-05-16 18:24:41,844 INFO    SenderThread:8780 [sender.py:send_request_defer():385] handle sender defer: 10
2022-05-16 18:24:41,950 DEBUG   HandlerThread:8780 [handler.py:handle_request():141] handle_request: poll_exit
2022-05-16 18:24:41,950 DEBUG   SenderThread:8780 [sender.py:send_request():246] send_request: poll_exit
2022-05-16 18:24:41,950 INFO    SenderThread:8780 [file_pusher.py:join():150] waiting for file pusher
2022-05-16 18:24:42,432 DEBUG   HandlerThread:8780 [handler.py:handle_request():141] handle_request: sampled_history
2022-05-16 18:24:42,436 DEBUG   HandlerThread:8780 [handler.py:handle_request():141] handle_request: get_summary
2022-05-16 18:24:42,437 DEBUG   HandlerThread:8780 [handler.py:handle_request():141] handle_request: shutdown
2022-05-16 18:24:42,437 INFO    HandlerThread:8780 [handler.py:finish():806] shutting down handler
2022-05-16 18:24:42,847 INFO    WriterThread:8780 [datastore.py:close():279] close: /Users/noah/Desktop/Repositories/ines-autonomous-dispatching/wandb/run-20220516_181523-3ggm319x/run-3ggm319x.wandb
2022-05-16 18:24:43,331 INFO    SenderThread:8780 [sender.py:finish():1110] shutting down sender
2022-05-16 18:24:43,331 INFO    SenderThread:8780 [file_pusher.py:finish():145] shutting down file pusher
2022-05-16 18:24:43,332 INFO    SenderThread:8780 [file_pusher.py:join():150] waiting for file pusher
2022-05-16 18:24:43,343 INFO    MainThread:8780 [internal.py:handle_exit():80] Internal process exited
